4 221 275 282 292
4 216 29 199 183
3 167 277 35
3 0 214 266
4 234 34 174 255
4 36 41 102 31
3 180 244 242
3 33 222 106
4 179 116 185 71
3 65 32 20
3 296 172 265
3 168 281 238
3 54 28 223
3 108 230 248
3 85 146 12
3 87 284 250
3 184 217 51
3 164 241 78
3 249 239 155
3 99 128 196
3 212 271 17
3 110 40 264
3 88 204 289
3 75 14 182
3 103 82 67
3 80 64 115
3 72 202 55
3 4 50 142
3 8 157 145
3 7 121 59
3 294 254 141
3 148 158 176
3 134 122 152
3 162 268 192
3 259 11 47
3 159 295 280
3 286 68 43
3 246 243 262
3 299 111 126
3 203 207 154
3 24 26 104
3 133 236 288
3 210 209 252
3 62 27 215
3 161 3 228
3 127 191 66
3 13 61 30
3 260 89 229
3 276 258 279
3 136 170 120
3 220 86 100
3 92 253 297
3 95 109 186
3 58 163 206
3 137 298 97
3 290 140 94
3 227 160 251
3 193 177 256
3 15 195 37
3 218 237 194
3 273 147 1
3 150 197 143
3 285 269 69
3 225 117 231
3 107 6 135
3 74 114 270
3 144 23 240
3 56 73 272
3 105 76 189
3 18 101 173
3 171 190 293
3 187 22 233
3 263 42 208
3 38 48 46
3 63 83 257
3 125 90 178
3 156 235 278
3 261 131 49
3 60 283 153
3 200 10 52
3 57 70 9
3 19 287 151
3 198 201 149
3 213 16 2
3 267 25 84
3 44 93 123
3 129 119 169
3 79 118 77
3 245 138 247
3 226 81 211
2 21 98
3 113 5 132
3 224 139 175
3 91 45 130
3 232 291 274
3 166 124 165
2 96 181
2 188 112
2 39 219
2 53 205
