58 0 17 181 222 331 410 500 599 627 658 734 795 916 1057 1128 1186 1232 1275 1357 1461 1620 1806 1903 2007 2088 2248 2324 2415 2542 2634 2713 2815 2861 2952 3018 3069 3182 3264 3370 3446 3485 3525 3590 3711 3756 3816 3851 3960 3986 4066 4124 4226 4291 4400 4558 4672 4750 4957
57 1 199 334 349 424 532 583 762 843 873 997 1105 1312 1471 1502 1589 1710 1721 1777 1827 1897 2003 2142 2209 2266 2333 2508 2546 2671 2673 2706 2868 2918 2946 3030 3047 3096 3141 3297 3444 3560 3631 3752 3802 3828 3965 3979 3994 4087 4219 4328 4368 4460 4505 4623 4766 4799
62 2 184 194 328 440 507 576 687 766 802 892 949 1040 1108 1203 1295 1393 1507 1573 1656 1708 1782 1829 1937 1991 2054 2113 2146 2179 2260 2368 2402 2528 2593 2718 2800 2891 2987 3093 3198 3213 3335 3500 3535 3566 3698 3770 3841 3933 4004 4051 4224 4284 4304 4351 4500 4571 4580 4653 4707 4780 4825
66 3 157 243 401 476 612 666 726 840 867 951 1061 1097 1162 1193 1258 1414 1515 1580 1641 1659 1687 1796 1922 1999 2025 2098 2125 2204 2245 2332 2398 2443 2568 2675 2770 2839 2913 2977 3054 3123 3160 3237 3330 3423 3439 3480 3580 3586 3657 3773 3807 3858 3993 4101 4206 4233 4299 4464 4589 4593 4712 4813 4923 5002 5927
61 4 6 108 286 389 399 520 607 653 694 800 913 1048 1163 1215 1237 1311 1407 1486 1525 1572 1662 1822 1877 1969 2045 2132 2174 2287 2361 2364 2428 2499 2592 2738 2751 2812 2884 2937 2982 3103 3183 3359 3483 3486 3556 3727 3925 3982 4032 4049 4167 4267 4384 4454 4552 4559 4634 4701 4793 4907
62 5 111 241 293 421 514 683 781 785 933 1109 1216 1331 1368 1496 1542 1563 1669 1732 1813 1849 1913 2011 2137 2271 2395 2444 2556 2558 2701 2767 2832 2871 2933 3036 3104 3149 3166 3209 3289 3381 3430 3513 3568 3647 3724 3795 3832 3848 4006 4055 4057 4154 4251 4336 4370 4493 4561 4702 4709 4849 4857
51 7 167 303 460 512 601 686 743 907 1013 1151 1200 1284 1350 1413 1547 1676 1760 1870 1948 2061 2135 2198 2386 2537 2625 2750 2931 3009 3094 3232 3341 3402 3455 3527 3626 3680 3749 3852 3995 4075 4209 4310 4404 4430 4523 4585 4727 4745 4775 5073
65 8 9 206 353 487 529 577 624 761 837 883 961 969 1089 1131 1204 1253 1264 1337 1472 1557 1636 1661 1772 1808 1938 1951 2055 2124 2176 2328 2389 2488 2534 2603 2655 2730 2765 2833 2916 2990 3087 3201 3280 3385 3509 3664 3790 3826 3921 3943 4040 4088 4156 4191 4264 4266 4375 4495 4665 4757 4798 4868 4904 9822
56 10 11 175 346 565 711 759 861 1008 1018 1094 1121 1182 1183 1299 1445 1494 1588 1678 1715 1724 1764 1798 1983 1985 2101 2102 2254 2296 2421 2601 2733 2795 2869 2879 2939 3065 3073 3214 3354 3479 3594 3706 3835 3864 4026 4098 4217 4354 4369 4412 4573 4639 4722 4765 5187
59 12 185 284 423 578 678 791 870 903 970 1088 1140 1327 1417 1432 1508 1606 1736 1821 1896 1970 2038 2069 2141 2181 2223 2313 2352 2410 2483 2597 2624 2653 2711 2809 2897 2983 3063 3163 3257 3309 3421 3543 3665 3681 3850 3971 4024 4125 4231 4319 4399 4422 4457 4658 4660 4791 4817 5035
60 13 15 191 281 348 427 587 703 768 864 920 991 1086 1153 1282 1363 1404 1522 1658 1728 1809 1929 2043 2105 2199 2357 2434 2549 2632 2724 2766 2894 2961 3006 3129 3236 3318 3363 3495 3539 3569 3619 3704 3735 3801 3881 3967 4021 4074 4100 4141 4214 4240 4318 4392 4437 4442 4594 4742 4922
60 14 126 172 302 394 525 647 752 753 856 896 1025 1041 1077 1214 1345 1511 1645 1750 1761 1851 1910 2015 2082 2202 2237 2323 2383 2388 2517 2607 2656 2845 2904 3038 3117 3238 3272 3350 3361 3431 3517 3588 3613 3655 3779 3843 3890 3922 3962 4047 4112 4129 4194 4274 4450 4565 4641 4711 5008
65 16 158 204 261 411 485 502 626 665 708 739 803 858 978 1044 1135 1155 1197 1322 1347 1462 1519 1574 1702 1741 1898 1960 2097 2208 2259 2365 2451 2491 2533 2708 2808 2837 2907 2953 3007 3044 3155 3233 3302 3387 3398 3512 3608 3622 3637 3754 3901 3973 3988 4039 4085 4086 4273 4394 4465 4605 4693 4777 4840 4940
60 18 133 190 278 361 444 489 610 744 834 880 989 1058 1127 1205 1252 1277 1377 1493 1595 1674 1733 1810 1954 2157 2277 2394 2481 2557 2705 2806 2883 2927 2993 3020 3091 3127 3260 3332 3419 3514 3523 3616 3654 3786 3831 3893 3945 3958 4080 4104 4147 4192 4340 4373 4474 4516 4620 4720 4916
66 19 125 127 186 215 326 350 407 466 573 655 691 755 898 1021 1050 1168 1233 1319 1335 1437 1527 1585 1654 1739 1811 1955 2046 2120 2126 2219 2336 2447 2622 2682 2714 2739 2863 2906 3064 3186 3242 3337 3418 3516 3570 3623 3717 3741 3793 3946 4107 4145 4220 4265 4355 4405 4427 4462 4560 4596 4675 4753 4807 4830 4938
62 20 178 236 245 272 359 494 526 621 690 748 784 895 943 1090 1106 1189 1328 1387 1457 1505 1506 1652 1655 1773 1815 1964 2008 2134 2197 2273 2393 2479 2520 2583 2620 2644 2729 2804 2829 2866 3022 3099 3191 3352 3457 3489 3549 3585 3719 3855 3990 4076 4135 4275 4356 4504 4536 4548 4681 4772 4870
63 21 28 132 262 298 318 364 453 456 509 540 598 619 689 740 877 976 1024 1075 1154 1227 1388 1479 1614 1679 1748 1826 1959 1965 2081 2169 2207 2307 2506 2576 2664 2811 2966 3023 3105 3250 3305 3391 3406 3484 3582 3702 3806 3886 3984 4094 4171 4324 4325 4386 4429 4459 4499 4601 4688 4737 4738 4822
60 22 115 192 254 306 356 432 551 588 699 814 942 1028 1160 1229 1360 1548 1601 1759 1930 2035 2171 2172 2290 2430 2538 2700 2702 2830 2921 2996 3114 3115 3121 3281 3323 3345 3420 3425 3452 3629 3633 3650 3776 3811 3854 3923 3970 4071 4102 4166 4268 4281 4439 4496 4509 4566 4657 4815 4939
65 23 131 205 258 354 450 531 604 642 770 847 974 1016 1035 1139 1274 1349 1424 1516 1590 1757 1887 2053 2078 2163 2196 2268 2387 2459 2480 2551 2596 2674 2737 2789 2915 2962 3004 3101 3181 3212 3219 3291 3344 3443 3470 3507 3576 3600 3691 3803 3822 3954 4050 4069 4149 4210 4280 4402 4487 4583 4613 4715 4808 7714
57 24 27 197 214 248 330 455 567 652 729 737 844 956 1036 1068 1098 1260 1323 1325 1422 1553 1700 1802 1879 1942 2013 2201 2250 2312 2372 2503 2509 2572 2731 2857 2896 3012 3164 3351 3426 3546 3694 3833 3911 3942 4016 4113 4203 4321 4419 4470 4528 4625 4673 4758 4829 4917
53 25 29 154 193 300 446 538 582 696 828 963 1047 1071 1114 1251 1371 1456 1568 1663 1794 1901 2002 2090 2191 2359 2510 2629 2709 2822 2926 3037 3092 3124 3239 3322 3368 3438 3501 3606 3675 3707 3798 3865 3966 4052 4103 4215 4271 4461 4597 4666 4789 4878
72 26 114 195 270 341 382 505 570 645 776 821 948 954 1063 1141 1212 1364 1428 1465 1492 1520 1571 1650 1657 1727 1786 1865 1892 1908 1979 1998 2115 2129 2210 2216 2275 2320 2374 2450 2527 2569 2668 2672 2756 2816 2854 3000 3080 3126 3188 3314 3362 3424 3577 3593 3610 3723 3731 3771 3870 3885 3968 4111 4170 4285 4358 4434 4508 4606 4626 4637 4781
66 30 112 182 239 317 335 436 586 641 667 796 876 909 965 998 1037 1104 1144 1161 1201 1276 1338 1380 1442 1539 1549 1651 1653 1790 1900 1911 1968 2044 2086 2170 2224 2344 2385 2409 2524 2621 2764 2817 2970 3152 3253 3367 3405 3466 3492 3565 3718 3759 3867 3927 4000 4120 4148 4213 4333 4431 4452 4502 4676 4714 4836
66 31 159 246 387 454 522 566 664 730 767 807 899 985 986 1070 1177 1269 1365 1466 1567 1688 1832 1890 1902 1974 2017 2145 2194 2261 2356 2437 2482 2518 2602 2681 2775 2777 2914 2969 3066 3157 3220 3268 3306 3347 3463 3477 3542 3559 3660 3794 3883 4011 4067 4188 4211 4295 4296 4344 4467 4494 4555 4556 4632 4677 4784
62 32 156 289 357 452 533 597 750 799 829 917 971 1049 1134 1241 1324 1353 1394 1503 1518 1596 1686 1725 1812 1888 1978 2066 2158 2217 2262 2371 2399 2423 2519 2530 2691 2791 2898 2941 2957 3042 3077 3143 3197 3234 3358 3414 3442 3578 3720 3868 3956 4109 4186 4253 4406 4488 4616 4674 4724 4778 5067
55 33 35 176 277 347 464 539 718 797 897 1011 1053 1115 1156 1181 1290 1399 1579 1692 1771 1872 1912 1958 2099 2128 2291 2403 2529 2565 2650 2819 2850 2955 3108 3187 3246 3400 3415 3541 3652 3736 3810 3853 3930 3978 4064 4155 4162 4366 4417 4486 4567 4678 4723 4875
58 34 135 221 366 486 569 637 772 838 992 1095 1184 1208 1297 1341 1408 1452 1559 1599 1613 1696 1756 1871 1925 1972 2027 2104 2212 2269 2299 2343 2453 2618 2696 2784 2831 2910 2919 3011 3130 3184 3235 3308 3403 3515 3540 3674 3757 3891 4005 4157 4242 4432 4483 4530 4602 4716 4846
61 36 37 168 275 372 442 543 554 638 705 714 848 931 1033 1129 1242 1250 1278 1362 1382 1495 1628 1695 1866 1976 2004 2065 2100 2149 2150 2301 2362 2467 2562 2612 2677 2678 2787 2934 3051 3167 3248 3490 3666 3686 3825 3879 3920 3976 4083 4196 4332 4492 4510 4562 4570 4671 4687 4741 4809 5865
58 38 147 230 297 373 473 517 721 851 993 1099 1187 1292 1330 1351 1395 1467 1556 1587 1672 1730 1742 1828 1834 1933 2052 2063 2182 2214 2289 2380 2531 2585 2686 2911 2980 3173 3300 3451 3505 3609 3708 3716 3721 3840 3861 3914 3959 4089 4126 4236 4322 4411 4513 4575 4735 4786 4788
57 39 121 137 174 227 405 469 472 557 629 677 712 827 869 957 1034 1133 1266 1444 1513 1514 1526 1609 1691 1853 1920 2018 2070 2180 2351 2416 2502 2606 2647 2754 2876 2895 2978 3111 3215 3379 3388 3572 3599 3630 3796 3878 3928 4028 4061 4221 4223 4293 4466 4522 4656 4874
57 40 41 198 253 385 403 488 585 668 765 787 915 996 1146 1179 1231 1434 1510 1524 1643 1716 1779 1885 1927 1993 2130 2164 2338 2505 2522 2589 2659 2771 2920 2936 3008 3079 3170 3217 3266 3321 3433 3459 3487 3598 3699 3812 3849 4014 4142 4270 4342 4489 4568 4730 4810 4860
56 42 109 216 220 285 315 368 445 495 589 635 773 857 884 977 1079 1170 1315 1468 1578 1630 1698 1755 1842 1847 1997 2000 2091 2173 2229 2326 2390 2513 2553 2619 2690 2818 2905 2971 3060 3228 3342 3460 3614 3710 3729 3949 4105 4259 4286 4396 4542 4600 4635 4771 7841
68 43 110 169 237 316 438 501 536 564 594 650 713 789 894 1006 1173 1218 1254 1308 1375 1484 1616 1646 1709 1818 1881 2009 2014 2136 2183 2233 2278 2406 2424 2539 2564 2643 2693 2792 2881 2950 2997 3046 3122 3128 3192 3295 3313 3355 3472 3571 3615 3628 3746 3784 3842 3929 3991 4108 4202 4237 4374 4518 4543 4648 4655 4770 4800
56 44 164 201 358 463 515 596 660 741 818 874 966 1076 1180 1289 1400 1412 1529 1584 1737 1738 1753 1935 2034 2116 2159 2306 2367 2475 2554 2680 2753 2820 2870 3021 3142 3189 3290 3364 3409 3552 3634 3769 3845 3906 3941 4027 4144 4172 4339 4490 4545 4617 4696 4754 4838
58 45 46 142 177 268 269 329 408 457 534 649 720 830 906 1026 1210 1271 1374 1481 1536 1626 1747 1861 1949 2094 2186 2267 2316 2408 2452 2487 2532 2636 2781 2893 2974 3059 3146 3231 3356 3417 3531 3550 3638 3705 3820 3900 3934 4017 4185 4288 4372 4453 4592 4686 4721 4776 4896
56 47 152 256 376 499 537 640 855 882 960 1082 1147 1281 1411 1569 1593 1632 1745 1875 1918 2057 2087 2131 2249 2358 2382 2420 2535 2652 2757 2923 3081 3090 3100 3199 3284 3353 3474 3595 3692 3896 3912 4044 4097 4173 4261 4348 4364 4408 4503 4557 4627 4747 4824 4965 6653
69 48 51 151 161 231 264 340 422 459 592 643 715 815 832 875 928 987 1029 1126 1178 1185 1300 1352 1451 1480 1619 1680 1685 1793 1873 2023 2117 2161 2238 2346 2457 2469 2516 2641 2721 2769 2855 2901 2903 2973 3053 3084 3140 3208 3277 3326 3458 3499 3602 3732 3761 3859 3916 3950 4010 4084 4116 4178 4276 4383 4576 4590 4679 4854
60 49 180 309 390 541 580 736 819 982 1083 1116 1169 1198 1280 1321 1397 1439 1487 1541 1707 1891 1934 2048 2246 2281 2355 2463 2548 2582 2595 2717 2875 2972 3075 3158 3205 3245 3255 3286 3293 3383 3447 3511 3604 3739 3758 3899 3972 4003 4130 4250 4367 4407 4414 4455 4572 4685 4739 4749 4852
59 50 155 336 508 608 698 833 904 912 1007 1113 1165 1288 1348 1401 1458 1554 1625 1795 1804 1839 1921 2001 2095 2193 2203 2284 2396 2405 2552 2679 2758 2825 2892 3017 3134 3226 3399 3538 3596 3671 3690 3780 3789 3882 3999 4054 4110 4222 4290 4294 4350 4357 4477 4539 4633 4690 4768 4901
61 52 120 259 310 409 470 563 710 863 1010 1209 1320 1423 1453 1463 1558 1649 1734 1746 1833 1904 1988 2041 2085 2103 2138 2190 2243 2341 2441 2515 2584 2628 2698 2762 2912 3033 3113 3161 3265 3298 3422 3504 3575 3632 3753 3844 3888 3919 3985 4143 4207 4241 4298 4484 4533 4636 4689 4783 4910 5245
68 53 171 274 313 369 451 478 552 561 717 735 764 835 922 968 1019 1069 1119 1171 1234 1301 1317 1435 1592 1704 1706 1778 1824 1862 1928 1984 1990 2040 2079 2121 2206 2280 2419 2573 2608 2613 2699 2768 2838 2878 2984 3109 3165 3196 3340 3390 3471 3553 3618 3742 3904 4038 4199 4243 4262 4409 4472 4532 4584 4706 4734 4797 9339
54 54 55 187 271 322 414 420 497 571 656 701 779 879 988 1059 1125 1304 1441 1594 1689 1752 1819 1859 1916 2058 2192 2272 2407 2471 2561 2649 2841 2964 3045 3202 3262 3384 3536 3670 3687 3819 3892 3952 4023 4068 4165 4216 4327 4435 4512 4610 4728 4802 5042
69 56 60 153 179 280 393 506 510 555 622 623 688 763 825 886 983 1092 1149 1196 1296 1305 1369 1440 1499 1604 1647 1697 1769 1852 1893 1956 2072 2075 2185 2276 2347 2422 2445 2490 2512 2609 2661 2745 2779 2874 2886 2967 3027 3119 3210 3416 3481 3522 3672 3744 3895 4036 4133 4176 4246 4300 4371 4389 4456 4476 4683 4764 4833 4990
61 57 58 150 202 250 320 370 558 625 738 798 939 980 1093 1194 1222 1336 1416 1482 1583 1762 1835 1946 1966 2051 2140 2236 2256 2322 2391 2432 2454 2594 2687 2740 2805 2902 3010 3068 3106 3195 3269 3357 3453 3475 3644 3712 3783 3863 3898 3989 4134 4151 4301 4349 4482 4515 4631 4697 4826 9658
65 59 129 140 210 342 443 549 700 723 731 841 908 1005 1032 1091 1270 1307 1361 1436 1501 1605 1617 1666 1701 1799 1931 1992 2020 2139 2166 2279 2288 2321 2330 2339 2458 2523 2623 2725 2798 2899 2988 2989 3019 3132 3225 3392 3413 3482 3547 3653 3788 3889 3997 4013 4146 4260 4269 4346 4448 4498 4599 4661 4756 4887
62 61 134 307 377 544 632 671 716 812 888 1001 1136 1221 1245 1430 1477 1534 1597 1611 1711 1765 1841 1977 1995 2021 2062 2109 2151 2257 2282 2366 2433 2598 2660 2727 2786 2843 2909 2947 3125 3211 3263 3287 3404 3551 3668 3697 3760 3817 3944 3975 4153 4195 4305 4330 4331 4388 4436 4577 4651 4785 4803
51 62 64 211 276 396 437 559 707 747 871 967 1054 1262 1359 1403 1498 1560 1607 1670 1800 1823 1981 2080 2235 2300 2308 2468 2635 2657 2732 2848 2917 2985 3133 3207 3296 3437 3557 3661 3734 3787 3953 4118 4225 4335 4475 4554 4614 4670 4731 7550
59 63 165 327 398 468 633 704 783 826 923 1081 1273 1298 1386 1420 1443 1509 1543 1586 1673 1754 1882 1940 2019 2133 2241 2484 2580 2720 2761 2856 3034 3098 3223 3329 3369 3456 3462 3478 3537 3607 3678 3700 3728 3800 3834 3998 4056 4164 4232 4306 4345 4377 4458 4524 4608 4759 4837 5120
63 65 144 247 338 482 584 662 673 728 801 849 893 958 1051 1123 1256 1343 1390 1449 1564 1648 1665 1720 1792 1854 1907 2028 2143 2189 2234 2314 2425 2431 2630 2666 2755 2826 2880 3041 3204 3240 3339 3506 3624 3709 3722 3827 3938 3992 4048 4137 4193 4197 4263 4391 4517 4564 4663 4703 4751 4848 4912 7248
68 66 113 208 263 265 333 416 461 535 593 724 775 900 972 1045 1096 1172 1225 1283 1383 1409 1433 1476 1582 1642 1681 1848 1941 2039 2200 2283 2400 2436 2501 2610 2651 2736 2782 2859 2865 2992 3043 3097 3147 3218 3267 3327 3412 3464 3601 3676 3714 3857 4002 4082 4106 4183 4252 4292 4337 4423 4485 4550 4630 4726 4763 4844 5139
60 67 228 283 324 352 415 498 560 590 695 732 887 981 1065 1217 1220 1268 1378 1398 1469 1533 1668 1843 1914 2031 2111 2231 2370 2426 2495 2591 2697 2748 2749 2851 2956 3005 3040 3118 3145 3159 3348 3434 3469 3611 3772 3846 3909 3957 4065 4121 4132 4229 4320 4420 4525 4645 4695 4805 4834
68 68 124 141 249 381 417 471 562 602 669 757 845 850 946 1046 1085 1188 1206 1224 1385 1512 1535 1633 1712 1729 1801 1952 2073 2155 2274 2486 2540 2605 2726 2778 2853 2929 2975 3035 3116 3148 3171 3175 3270 3294 3307 3411 3493 3573 3636 3750 3785 3813 3903 3951 3980 4043 4139 4204 4303 4395 4401 4511 4538 4603 4647 4816 4841
55 69 139 163 224 288 321 395 475 545 676 745 854 975 1157 1302 1370 1426 1552 1610 1768 1886 1973 2089 2205 2265 2309 2435 2492 2716 2840 2885 3016 3088 3144 3244 3273 3427 3473 3589 3648 3733 3821 3926 4037 4095 4161 4168 4227 4308 4397 4441 4531 4664 4748 4795
65 70 183 252 301 402 458 516 693 719 786 866 910 935 937 1042 1207 1285 1287 1366 1488 1575 1677 1682 1723 1840 1884 1919 2022 2148 2252 2378 2411 2555 2617 2627 2667 2759 2813 2958 2999 3078 3095 3179 3251 3373 3468 3510 3563 3612 3658 3815 3974 4073 4122 4189 4198 4334 4416 4497 4586 4640 4732 4866 5169 5587
64 71 73 217 218 311 380 493 575 672 794 806 921 990 1167 1235 1272 1356 1415 1497 1551 1598 1637 1719 1805 1814 1880 1936 1994 2033 2160 2221 2302 2342 2438 2550 2646 2728 2844 2873 2940 3002 3139 3292 3401 3461 3494 3555 3651 3695 3838 3910 4001 4029 4045 4182 4317 4379 4380 4469 4507 4611 4704 4792 5015
60 72 74 148 188 229 378 391 429 481 504 615 725 820 891 999 1118 1247 1406 1504 1545 1608 1713 1780 1836 1943 2068 2154 2211 2298 2317 2363 2440 2489 2631 2639 2802 2807 2890 2986 3062 3176 3304 3396 3503 3640 3725 3768 3875 4012 4042 4190 4315 4390 4471 4481 4534 4621 4719 4843 4944
65 75 118 213 312 433 480 546 603 617 684 777 817 905 1031 1191 1199 1306 1392 1521 1671 1784 1867 1953 2096 2225 2334 2401 2511 2536 2599 2683 2780 2810 2887 2930 3015 3112 3120 3227 3247 3343 3450 3532 3597 3656 3696 3809 3847 3931 3937 4031 4128 4138 4257 4297 4312 4353 4463 4519 4563 4644 4708 4790 4885 9215
71 76 117 212 251 343 430 492 519 547 616 618 628 682 813 902 911 979 1067 1138 1230 1246 1334 1410 1500 1555 1667 1770 1856 1923 2006 2127 2244 2375 2498 2567 2570 2579 2645 2692 2723 2752 2858 2959 2998 3131 3283 3372 3445 3502 3554 3584 3641 3689 3713 3737 3777 3829 3913 3961 4030 4035 4150 4201 4277 4365 4446 4521 4624 4729 4773 4903
53 77 119 203 282 374 447 542 654 756 924 962 1043 1166 1263 1344 1355 1419 1528 1627 1638 1731 1763 1838 1876 1971 2106 2292 2348 2429 2547 2604 2772 2785 2872 2935 3028 3089 3193 3261 3428 3544 3583 3726 3874 3963 4020 4127 4218 4307 4418 4546 4622 4761
63 78 209 314 406 465 511 657 702 865 890 952 984 1015 1117 1294 1376 1396 1531 1623 1699 1774 1845 1939 1996 2037 2122 2230 2325 2327 2455 2493 2587 2600 2663 2695 2741 2827 2981 3055 3153 3315 3331 3407 3508 3620 3646 3730 3755 3866 3918 4063 4091 4249 4283 4289 4468 4478 4535 4591 4638 4650 4736 4881
64 79 90 149 223 308 388 425 477 528 605 685 706 804 901 941 1038 1120 1164 1286 1314 1354 1450 1550 1621 1714 1797 1874 1944 2032 2110 2118 2168 2226 2270 2337 2379 2418 2504 2560 2665 2710 2803 2944 3048 3168 3206 3311 3440 3530 3673 3805 3897 3932 4115 4254 4363 4415 4444 4480 4574 4652 4760 4806 4832
59 80 123 136 225 319 412 491 609 613 697 788 885 953 994 1012 1102 1130 1176 1192 1267 1373 1389 1429 1474 1576 1718 1788 1831 1917 1975 2123 2227 2303 2354 2449 2615 2658 2742 2860 2932 2945 3032 3083 3241 3328 3366 3545 3701 3856 4015 4131 4287 4413 4553 4607 4680 4743 4767 4850
57 81 82 189 304 362 392 418 572 774 862 940 1074 1236 1291 1459 1538 1639 1744 1785 1868 1924 2010 2050 2144 2188 2240 2335 2376 2456 2614 2734 2790 2938 3024 3058 3185 3254 3393 3408 3519 3533 3688 3823 3876 3939 3964 3987 4099 4117 4152 4230 4311 4378 4433 4551 4669 4733
62 83 145 242 296 351 419 521 680 746 846 918 947 1014 1103 1174 1223 1313 1326 1391 1530 1570 1612 1767 1846 1926 2024 2167 2253 2381 2464 2474 2541 2662 2684 2694 2793 2828 2924 2942 3031 3138 3279 3316 3338 3389 3410 3467 3574 3603 3642 3682 3743 3839 3894 4008 4078 4212 4381 4537 4609 4692 4782
61 84 106 173 257 305 323 367 428 581 639 674 742 782 809 860 959 1052 1107 1132 1213 1255 1333 1367 1421 1532 1631 1726 1858 1869 1961 1989 2084 2213 2369 2478 2637 2712 2821 2888 2963 3070 3110 3224 3319 3376 3377 3476 3617 3662 3774 3869 4034 4158 4309 4352 4447 4526 4643 4705 4835 5060
53 85 234 365 386 435 574 769 852 1027 1148 1342 1475 1561 1581 1640 1664 1775 1909 2071 2153 2215 2392 2417 2574 2746 2747 2852 2928 2965 3001 3076 3178 3312 3349 3371 3394 3561 3562 3677 3873 3955 4007 4163 4175 4313 4323 4443 4578 4579 4582 4682 4718 4755
55 86 89 233 325 379 434 556 648 661 778 881 964 1017 1142 1152 1195 1332 1372 1517 1615 1675 1740 1791 1894 1982 2030 2175 2311 2442 2496 2577 2703 2704 2794 2925 3082 3276 3382 3491 3643 3862 3917 3935 4077 4177 4181 4272 4385 4438 4473 4544 4691 4694 4700 4839
51 87 196 360 474 527 630 839 925 1030 1158 1293 1402 1460 1629 1817 1860 1895 2026 2108 2220 2286 2360 2462 2476 2638 2797 2801 2847 2976 3061 3067 3200 3271 3301 3374 3386 3488 3649 3808 3860 3880 4033 4208 4235 4314 4426 4541 4659 4762 4794 4879
58 88 128 240 426 548 644 692 727 793 889 973 1066 1202 1265 1339 1438 1537 1635 1807 1864 1957 1963 2036 2042 2178 2295 2349 2472 2485 2494 2571 2676 2799 2834 2867 2951 3056 3102 3243 3360 3435 3579 3663 3747 3748 3871 4022 4123 4200 4341 4359 4398 4569 4598 4654 4744 4769 5095
68 91 160 200 207 291 400 524 591 733 758 816 932 1022 1110 1240 1279 1418 1489 1600 1684 1758 1766 1803 1837 1855 1915 2029 2112 2184 2263 2350 2384 2460 2466 2514 2581 2670 2774 2889 2995 3049 3154 3216 3274 3336 3448 3528 3558 3621 3684 3781 3814 3836 3924 4018 4072 4136 4180 4238 4278 4347 4440 4527 4549 4615 4662 4746 4845
64 92 130 255 295 355 431 462 568 620 646 749 811 878 955 1009 1084 1101 1112 1211 1346 1446 1485 1544 1622 1717 1743 1857 1947 1986 2060 2162 2255 2329 2413 2465 2500 2563 2642 2707 2842 2877 2948 3050 3221 3334 3498 3534 3683 3738 3792 3872 4025 4096 4160 4239 4282 4361 4445 4587 4619 4698 4827 4884 4936
60 93 105 170 294 332 375 448 490 513 579 606 679 805 810 914 926 1062 1219 1340 1447 1483 1624 1694 1906 2016 2067 2114 2228 2251 2345 2470 2611 2788 2849 3029 3137 3169 3222 3275 3397 3441 3496 3518 3567 3639 3679 3775 3837 3907 4053 4070 4205 4343 4382 4425 4506 4618 4668 4801 4882
61 94 97 122 146 162 290 339 479 614 651 790 945 1060 1143 1159 1243 1303 1379 1565 1703 1783 1899 1987 2093 2156 2222 2294 2377 2446 2525 2616 2722 2776 2864 2943 3013 3039 3085 3162 3303 3375 3465 3526 3591 3605 3659 3751 3824 3877 3902 3947 4019 4041 4079 4234 4329 4376 4529 4713 4814 6420
57 95 116 266 384 439 496 553 659 722 754 822 919 927 1023 1111 1257 1259 1381 1478 1602 1722 1751 1844 2012 2064 2107 2218 2264 2340 2404 2559 2715 2814 2949 2954 3014 3107 3180 3256 3320 3454 3520 3645 3797 3940 4046 4062 4093 4187 4247 4316 4360 4479 4649 4667 4811 4929
62 96 219 244 345 397 518 530 611 675 709 792 824 929 1000 1122 1226 1318 1470 1562 1566 1683 1749 1820 1883 1932 2074 2092 2258 2318 2353 2397 2461 2566 2626 2689 2743 2783 2846 2900 2908 3025 3135 3258 3285 3310 3365 3395 3521 3635 3667 3766 3799 3905 3981 4060 4140 4326 4424 4595 4717 4752 4819
60 98 166 279 292 404 449 600 681 808 831 936 995 1080 1087 1175 1244 1310 1425 1464 1603 1644 1789 1850 1967 2056 2165 2242 2310 2427 2544 2588 2719 2760 2862 2994 3072 3074 3086 3177 3252 3259 3278 3346 3429 3625 3703 3762 3763 3767 3830 3948 4081 4090 4159 4255 4393 4547 4629 4787 5224
60 99 143 267 363 503 634 663 859 938 1002 1004 1078 1100 1145 1190 1228 1427 1454 1491 1540 1618 1693 1781 1863 2005 2047 2076 2119 2239 2304 2305 2412 2477 2578 2763 2922 3003 3026 3156 3203 3288 3449 3564 3627 3740 3745 3818 3915 3983 4058 4174 4244 4256 4403 4449 4520 4588 4646 4774 5164
63 100 102 232 344 413 523 636 751 836 868 950 1055 1056 1072 1150 1238 1261 1329 1358 1431 1473 1577 1660 1735 1787 1878 1889 1980 2049 2152 2247 2319 2414 2473 2521 2526 2590 2654 2744 2823 2824 2968 3052 3151 3230 3324 3325 3436 3581 3693 3778 3977 3996 4114 4179 4258 4428 4540 4642 4699 4779 4828 5146
56 101 226 238 371 483 484 595 771 823 853 872 934 1020 1073 1248 1316 1455 1591 1690 1816 1945 2083 2147 2297 2331 2448 2507 2633 2648 2669 2735 2796 2836 2991 3136 3174 3229 3282 3317 3378 3524 3548 3715 3764 3887 3969 4009 4119 4248 4302 4421 4501 4581 4612 4804 5032
61 103 107 235 273 287 299 467 631 760 930 1039 1064 1137 1309 1405 1546 1705 1776 1830 1950 1962 2077 2187 2195 2285 2373 2497 2545 2575 2685 2688 2835 2960 3057 3150 3190 3194 3380 3529 3587 3592 3685 3782 3791 3804 3908 3936 4092 4169 4184 4245 4362 4410 4491 4604 4684 4710 4740 4796 4886 5027
55 104 138 260 337 383 441 550 670 780 842 944 1003 1124 1239 1249 1384 1448 1490 1523 1634 1825 1905 2059 2177 2232 2293 2315 2439 2543 2586 2640 2773 2882 2979 3071 3172 3249 3299 3333 3432 3497 3669 3765 3884 4059 4228 4279 4338 4387 4451 4514 4628 4725 4812 5024
