14 48 84 1113 5295 1508 7732 5914 4773 5384 9312 3158 2469 7261 2836
19 88 187 5727 5517 3105 6352 7579 8298 2045 8610 1532 7998 9368 4055 4457 495 547 7760 1191
8 303 474 3138 8254 849 8379 2173 9377
9 568 2695 1192 6223 1035 2257 1858 1788 9650
20 677 719 7922 4749 2304 2602 2415 1096 4038 4473 1468 806 1719 4754 4946 858 6310 7559 5749 729
12 837 1178 9138 7679 509 2513 8963 3635 5747 2868 5828 6291
18 1066 1209 7028 4184 2881 4029 4880 4664 4398 7081 3731 7949 2636 6234 6542 3399 5979 9568
20 1315 1543 2356 8020 3317 69 846 2409 1487 6407 5310 9248 4498 9789 8491 5692 8400 4518 1956 4271
13 1335 1515 1803 8037 4594 215 3135 7560 9350 9518 1400 411 8607
17 1560 7287 3461 3462 5212 3114 6526 9897 2343 2931 1905 4614 9531 7596 4680 8423 6991
12 1757 2135 3579 5049 4225 4973 1667 9923 4070 5880 4640 4580
11 1900 1992 8711 8112 1458 9639 1787 4073 4660 5349 6090
12 2009 5868 902 3381 4491 3323 1933 6086 8349 7980 299 1809
22 2432 2519 2571 8484 1674 8157 7554 7380 102 2817 8909 8062 3754 2248 7624 5004 2325 1786 5754 6315 5912 3492
12 2581 1179 1197 1392 4263 1383 2308 5110 1764 480 1149 7166
19 2920 2949 3156 3253 2536 4661 9640 7323 3542 4481 1553 4195 847 281 8481 1590 1289 2454 6616
7 3580 7948 2876 1127 4795 8674 8789
14 3629 3696 422 907 4089 9082 1198 8105 2109 356 6995 2752 7954 6631
27 3869 4008 4078 7180 5369 4246 2338 2600 7203 300 9075 659 118 8033 3673 7222 9155 6488 357 6436 6396 9193 9958 2367 7828 1085 1327
20 4094 4309 4377 6412 9852 8224 3199 1913 1263 9962 388 9379 5786 8513 1611 7973 4239 9794 7268 8123
13 4435 3826 6804 318 9064 9546 9381 8560 6865 6238 449 4416 176
17 4525 5018 1323 245 7086 3058 9190 5291 2473 7633 2122 8721 8749 3359 5950 1691 8893
15 4839 5299 2297 1324 5076 8662 9298 9534 8242 8495 7591 9059 2427 4108 9555
15 5137 6474 3663 5287 6359 5915 8500 5959 3501 6682 5943 7800 9211 7518 8384
12 5335 5440 6403 9832 6580 6744 8381 8221 7175 681 7038 8949
13 5970 6002 6783 3442 4885 481 6430 7663 4756 9912 3225 3662 3349
13 6031 7312 507 1281 5238 8257 5105 2229 4486 3256 1486 8885 6520
19 6252 7208 8367 4541 5557 8312 9322 5026 8649 3447 9331 7839 3336 6525 8734 44 3427 6153 8925
17 6466 6670 7399 9246 1054 4088 3615 1496 2661 120 1455 2174 8659 6684 9843 2486 4242
10 7005 7013 8159 959 6452 4442 3926 5974 644 9642
3 7109 6634 4887
9 7270 9209 9564 8719 5789 5118 5030 2361 2786
14 7463 7475 7928 4494 8104 9744 1102 772 3657 9073 4564 8562 4539 6527
21 7956 9393 4379 6747 1959 8747 1902 6719 9948 382 2547 7754 2051 6891 450 4650 3884 1157 6828 8501 8877
23 7965 8175 8292 6135 3989 2605 2577 8173 1631 3247 5995 3862 3498 4456 9998 5180 261 6948 6637 9034 6766 3914 2185
26 8310 8640 9707 7156 2511 7102 7668 3636 3530 6163 897 9881 6443 6866 2452 5061 7024 6130 3628 8280 6400 1732 1483 7739 3576 8178
12 8773 876 6999 1448 8140 5364 4632 9318 3878 5570 1080 6096
11 9256 2305 4520 6578 8997 139 2010 5215 1360 9875 8923
14 9313 1784 8447 6718 172 1627 6705 5409 709 3465 4937 3509 8553 6791
10 9504 9333 8872 4978 4218 6289 7012 8417 54 1213
8 9913 9543 6128 3325 7916 9070 2885 1159
8 2465 9976 817 7779 7684 4188 5776 5760
19 3607 5497 9847 5491 8573 8464 9118 3775 252 5835 163 2804 1591 3689 2433 7304 9417 623 9792
14 8878 6951 1233 3036 9037 5169 7316 4221 4235 940 6388 764 9703 9215
13 9752 9084 4948 6547 4990 2209 867 3752 2923 1125 5589 9253 8441
18 2735 8458 4624 2112 5674 461 4638 9441 3592 9919 3630 347 6524 9413 1185 4399 1120 3712
17 7429 4090 1879 2523 1206 9394 1709 3714 859 195 9786 4719 5873 7084 9854 58 391
18 7657 5693 1024 9636 1949 3524 2790 5451 2052 8627 5122 1832 201 6675 3730 4488 148 4424
8 672 6822 5615 5480 6495 6934 2822 5395
10 549 7020 8786 1252 5371 3115 5705 3452 8230 3644
15 9619 1097 3197 4112 6360 1111 5352 7113 524 8307 6339 333 5175 7844 446
20 1305 9563 8425 6206 2717 2585 7301 1643 6179 3811 6775 6926 6617 8387 3927 7358 9942 7509 1731 3522
21 6263 5192 6706 4208 6669 9104 9164 9819 9617 8938 7456 9652 6905 7231 4012 5420 5506 1919 5788 3819 4951
17 3055 6745 497 5116 7564 9268 9143 4608 4890 1901 3195 2030 5333 3497 8751 7696 2843
26 4601 9003 2247 4693 2401 615 656 9712 1239 444 3930 7724 4211 6345 395 1688 614 7076 8427 6079 3059 192 1244 6065 3287 3172
4 2015 9927 966 797
18 4742 700 311 2551 403 1081 1412 8407 6838 1461 7651 9250 4745 8354 1616 2363 7705 3612
14 423 8518 7861 2424 2915 5757 4558 9345 1835 7010 8851 3211 7147 1703
19 1273 7687 9495 3875 8219 3398 241 3345 189 1896 536 2938 1317 866 1649 6945 8215 4022 4310
19 8731 713 7198 3354 951 6305 9737 5962 5567 9420 9056 5154 5097 1382 4579 6632 5989 7059 5362
12 6689 8890 2137 2506 958 4464 9423 8905 8558 4402 7597 4540
7 9514 2720 7108 9179 9822 862 9287
21 3090 658 2335 8410 5054 9410 1968 4130 2525 716 1598 275 8064 304 6612 1164 3820 3153 36 6933 5460
16 7936 9874 3783 3433 4326 4828 8843 3556 7090 4567 5645 1925 4783 8723 1848 8216
17 6277 6901 8557 3865 7574 9804 4615 7933 8687 2612 576 6325 8050 7295 630 5459 8865
11 203 508 777 8598 1075 8931 3013 160 1156 2251 8941
14 5934 8024 3779 2056 9751 5426 4944 4074 3293 2364 8971 1249 593 390
14 6815 1105 1201 6537 1152 3793 9440 4236 8857 2933 8325 5607 1385 6817
23 7070 3276 3024 3830 3585 2686 4652 6336 7745 4213 2095 9553 8691 953 3356 4692 8841 9181 787 8461 9126 1808 3422
17 4679 1634 4605 7513 3499 2040 8186 7755 1308 6171 1566 8567 3684 291 9088 899 4886
20 5445 9305 5387 4164 9696 9254 6764 8034 4645 767 454 2370 7046 6286 6827 8443 5549 9243 8943 8897
10 2883 8950 1651 1218 5621 4205 9044 5925 8837 438
16 3817 4059 2166 6192 135 6058 7193 4639 2368 3155 3496 9908 5919 124 4542 4691
15 1138 5300 6123 6756 1994 4003 4245 1352 1143 3007 1824 5257 1238 1225 790
19 5324 9405 5710 3512 4115 4854 7746 397 9844 8511 6036 6678 3201 4454 8689 4210 2022 7487 1367
23 1867 6404 3601 4299 6749 4938 5453 5853 177 4792 8506 5033 7749 1946 5587 7944 4097 1373 8392 7979 3456 6477 3097
20 4758 7612 9274 326 9625 4806 3818 2613 2386 9101 4227 4584 2057 8540 6459 9862 2334 504 410 443
17 6381 6150 8440 1873 5601 6809 8597 8324 5400 8809 10 8344 2186 3523 750 1379 3080
17 2917 3005 9267 4830 3119 3839 2270 9438 2645 3661 276 5728 5966 1183 9883 9178 6573
19 7957 8736 4575 4673 2261 6729 7448 7387 4884 6683 3574 4688 3011 3568 8281 5696 8322 7257 8666
21 769 5717 6849 6208 9464 2745 2924 7274 6757 5878 6157 9110 6778 3484 1025 2493 8859 6890 2490 9390 7537
21 519 1384 6053 6922 9477 3435 2802 1415 7143 5462 4378 1395 9113 9091 1068 5270 1648 6586 4726 7603 9198
16 4071 1492 5006 975 7085 2333 2781 704 4300 886 9388 2541 5484 2223 8195 3458
17 606 1170 3572 5285 1550 1684 3701 6026 7477 7043 1523 2558 2921 7793 1255 7972 4116
18 8708 4984 3334 3022 6989 2527 5526 2630 9659 6785 9683 2003 3804 3899 7681 1403 3871 9938
16 3549 3409 1030 5920 9557 9375 7411 8101 6832 8953 6793 1416 1836 3771 1478 5599
11 7499 9090 7314 164 2741 3940 1725 5452 8244 8253 1242
14 1776 7329 9011 7787 6927 853 3532 1644 584 7392 4212 2237 5084 9600
16 3307 190 4194 3073 511 4493 3759 2330 3750 8108 4265 3152 4082 478 5842 204
20 8477 1512 209 1580 4101 3057 6196 7636 1256 5045 711 7370 2191 2694 1743 9664 3517 3048 9891 4901
13 6663 9649 3368 290 8796 4372 4021 9645 1436 9288 1166 3561 492
22 5235 9935 2626 7255 2967 208 6597 1937 6727 8746 2909 2713 678 5117 1964 7063 7752 6229 1760 6872 8089 4277
7 9409 1637 2711 502 2031 3539 6314
9 3167 3358 1391 1682 5796 2569 573 1128 2211
10 563 8530 2320 8245 1875 4569 985 5022 1426 8636
13 9679 9402 9627 9349 2505 1328 5104 5482 4681 5980 2487 5410 9120
10 768 5654 8448 9579 8485 2796 3767 8845 3911 4308
16 5860 2233 7768 4285 2442 4035 7901 7595 843 3694 4340 2204 8732 631 8934 8543
16 8758 720 3420 1046 9842 1583 3609 8798 1612 6240 3392 4950 7388 1174 932 6349
11 8670 6178 889 9727 3352 3577 4765 5346 6022 2521 234
11 6916 2738 6168 8915 6316 6739 2952 92 292 4027 7486
17 9888 3236 4635 9105 9450 2981 6013 3874 3127 936 5911 5561 6847 4923 7688 5399 5854
8 6807 3294 8967 1464 2650 5432 7606 3984
10 2316 4583 7347 3117 5864 3962 8006 6227 1542 8454
12 2061 1773 2147 9702 380 1459 3905 134 964 3337 7589 9467
22 5086 1609 6741 2399 2497 3616 6076 6280 4552 7604 3895 1504 8109 6806 8764 1720 6733 2700 6543 1056 2372 7154
17 4058 9052 697 1655 2235 982 6261 8094 5951 8486 4244 2769 7368 1322 2155 5784 9648
14 4618 789 5748 7662 660 990 4045 6156 8237 8017 9848 8753 4492 4563
18 7929 3758 5282 5756 1245 5695 7315 4415 9089 202 6447 6043 8569 5805 752 5414 79 4445
15 7561 5358 5954 7097 8412 5008 4824 9247 4168 3142 973 8592 5745 2165 7311
13 7401 3257 3362 6313 2037 8177 5002 1351 5840 6553 246 7489 6533
13 2384 2164 3428 4251 5577 2685 5149 6500 5144 7776 49 4077 5798
10 4855 7114 277 5699 483 8042 5263 4123 6544 9398
17 273 1605 513 9926 1628 6703 4764 5913 1325 1947 1431 9767 8304 9732 7264 3837 763
8 6831 3990 9559 6069 4291 1884 5982 6768
12 9325 8302 7355 6213 2621 894 2749 4023 2258 7348 1726 4865
18 3444 8290 7249 9743 8187 8273 5043 9833 636 816 3235 3283 2672 110 4215 6417 2307 144
19 5769 3540 9316 4686 2245 6173 8973 8998 1004 793 6880 7288 3674 441 6691 5454 1437 6390 5937
15 9140 5858 2074 4405 3970 4858 4989 1466 4343 6231 9571 5320 2405 1333 3637
19 8703 5808 7792 8588 782 146 5628 5405 2515 6386 8125 7149 7091 6184 5597 9699 9063 4812 7343
20 117 3651 4196 3411 4250 3220 6648 9889 8272 9028 7817 5708 7006 9758 2978 619 2499 9032 4599 2564
18 7913 4875 2927 3190 6346 9195 3434 715 4293 3765 6140 736 9083 534 4501 7233 4931 5688
16 6695 1438 965 7557 2000 5837 5260 4924 2863 946 9697 6124 8455 1336 5926 4185
16 7040 3596 7927 3739 6652 2394 9357 8058 272 8741 7904 2242 6555 7332 8762 1293
8 3855 5213 8548 6245 4658 8353 1817 2069
19 3371 5948 4833 1223 57 7190 5036 9972 7729 3981 6930 6915 2086 9826 594 1011 5618 2987 3041
10 8329 7325 5302 2772 7652 6233 8633 1662 3035 6492
20 9675 739 8203 533 266 6024 5660 9539 249 1715 9337 8197 7969 2097 1205 3658 8499 7300 3922 7950
19 6198 109 2975 7666 8419 6454 6985 8176 952 3624 7857 8911 7363 8532 1618 5987 4972 6770 86
13 9449 1970 9171 1369 4744 2156 1368 8974 1753 8061 1092 1878 2321
9 4307 9406 873 8785 698 613 5490 3890 3978
15 375 5237 4421 956 267 611 9429 5952 578 1716 7194 1411 4191 784 3762
13 1040 7116 7546 9353 6966 2385 5298 3691 4921 1061 8317 3797 4374
16 222 9864 5182 7282 7761 2121 3210 4899 8958 7976 2158 1089 5884 4908 1619 9499
14 1005 1372 1588 284 1977 3338 5679 9221 434 2148 525 6687 4275 5179
18 9550 7710 4119 8984 2565 7508 4019 4701 1767 1034 1567 5195 2282 3385 653 1694 6136 2224
9 3555 4387 1002 3477 7573 7726 8743 3341 6723
8 1135 5770 4747 1882 5524 7378 7242 5669
15 3578 8194 4623 130 3079 543 7192 1740 9605 2226 9115 8818 7955 2098 2238
7 5424 5991 5610 7121 9308 3464 6250
9 4894 7891 5507 5511 8071 8961 4509 6702 1301
15 920 3311 2198 8868 2787 7882 39 8038 5664 4460 2545 1375 5078 995 8717
14 9799 7993 5890 4720 1797 2207 2857 7187 819 7262 6226 5416 6214 4363
16 2559 1406 3910 5626 6398 9678 9276 2406 4776 2958 8160 1071 5072 5739 9509 1374
12 6541 5572 212 1 9392 425 6910 8345 1670 7031 8235 8594
24 961 9347 1363 2425 9182 671 6643 4966 1846 1521 2906 7339 3505 3799 7305 3924 3282 7615 999 7753 5893 8802 8861 2606
17 372 7398 8370 3717 6856 5650 2171 4971 1748 9994 4582 8986 9431 5109 5775 73 2457
15 7952 9452 1955 8823 5303 8995 6133 9963 8316 1188 5039 754 1772 1140 5048
12 3654 8018 83 1499 4993 6318 941 3355 5918 9339 9690 5659
21 24 3640 9282 1830 1272 9738 6244 2362 8214 2048 4566 5092 7507 1982 5068 1187 3670 2953 9206 3745 7035
16 2869 6329 9556 655 7277 3038 3949 2075 286 6883 9006 6830 8526 205 1216 3792
10 8962 2079 493 6645 3802 3439 8645 4301 8676 2138
8 4637 3575 368 3784 1911 8571 2149 757
16 4150 7512 6296 199 6818 4953 5724 115 6850 5301 2561 4881 2494 7706 9895 8913
13 6115 8262 6164 1260 6498 3082 7856 3098 9812 4800 2246 6591 5468
23 3988 1860 2657 8816 3740 5584 6422 930 4270 9566 1417 2846 8904 7566 6167 1714 8669 5722 1446 2616 7625 4983 9484
20 5885 726 7631 8554 9042 3232 7643 7873 7894 3075 235 6038 9877 3707 1696 632 5936 5331 1153 5198
7 541 8158 3396 1399 3595 2070 3665
19 4143 4781 200 9633 4657 2181 2852 643 1330 6211 6406 274 5512 7265 7160 7623 7593 913 7133
21 6228 2714 7638 7196 3721 459 9077 8533 3782 4014 7462 9716 7505 8076 2739 6869 8405 479 1202 2554 3069
10 622 1874 1647 9264 30 880 592 7405 641 5269
17 1833 4546 2681 718 8348 3993 9858 649 5564 3751 8289 5575 4974 2555 336 9599 302
16 6961 9463 332 9620 1733 8523 9836 5123 9157 1819 243 556 6144 5588 7485 6311
12 29 9985 2783 9457 6618 8542 9701 8494 2479 2808 4290 2939
16 1664 7230 9806 9109 8191 2291 2290 5021 4406 3959 6679 8201 6690 7054 3322 587
17 55 9473 8574 7876 4629 7239 3421 3269 67 4547 8270 6174 8972 5916 4151 3254 5731
18 9523 3148 457 9549 7092 4930 2979 2556 5941 7796 4075 1519 3389 2038 9391 7283 1658 1898
8 9216 2538 9845 7690 8937 494 8968 7032
20 9283 5743 3947 6550 4409 9033 1453 9964 6268 9328 7865 8428 2438 7547 7788 8336 2091 3934 5162 5055
21 4842 7210 2539 4050 8940 9610 4063 4331 3896 7770 1791 2228 6375 6423 1818 53 5401 7851 1708 1173 3417
17 2576 7889 608 4807 506 4585 4643 2732 4371 5014 7080 5635 9583 6530 7056 8124 5647
21 4346 2942 5089 1518 1792 832 6512 7730 254 7271 9584 5768 8383 4312 6604 7385 5288 3956 5438 3324 9971
17 1888 1013 3092 780 3502 127 2543 1297 387 2373 7259 684 7371 1007 2704 6032 1892
17 734 627 5214 9485 4613 761 529 2831 1169 379 1539 8516 6397 8623 7992 8222 7163
9 3149 5875 2118 5732 6615 7276 826 2053 4500
8 7119 4537 2718 4330 8634 3063 869 3664
12 4214 864 3490 6293 633 2360 1785 17 1274 7204 3140 7834
16 7862 248 1693 8882 8806 9156 1051 2417 5999 9490 238 361 6224 9756 7338 7183
22 157 1630 530 6942 1729 7034 7209 7135 2753 6579 4397 544 1264 7142 8475 5396 2980 5542 1895 7481 7008 8232
10 2986 8459 364 5100 2340 3660 8347 1214 4427 8825
13 297 4260 2642 1186 9199 3904 9054 9644 9230 2144 5000 1615 9601
12 1978 2006 1208 4400 8916 7842 6083 5258 850 75 9465 2326
15 3103 2641 9320 2904 5711 2180 2930 3669 7014 5329 3182 1029 7743 2197 6960
14 5341 699 7379 6825 5031 2468 7620 9378 5694 4032 2995 5203 7157 8238
26 2912 4428 8328 5777 9795 5539 6584 617 5866 2187 7941 6962 1069 9592 5670 740 7538 4912 7582 7313 6490 2336 3383 2202 3033 9668
17 3281 6884 6255 7567 9512 4544 7665 2355 967 7501 5353 78 8863 9966 7029 6011 900
17 5716 7320 442 9575 6969 7548 8652 105 121 365 4856 3948 2851 6204 8778 3889 8364
15 957 9137 4109 7243 8856 4656 66 3393 2702 2760 6622 8442 9488 4678 7519
18 6724 2512 9030 3966 9949 4593 6279 1302 4114 8366 6353 6187 6854 5217 8234 3312 4766 8163
20 445 6110 9012 3083 9654 2470 7479 9234 9027 979 2766 5163 3328 5379 5139 3700 3481 5190 5127 108
20 3693 5744 5540 4016 9341 141 1738 3974 2206 1203 8136 3449 909 1291 5419 8528 4015 9443 4383 4446
25 2020 7129 8832 4920 2934 7698 2799 6182 5642 9262 1181 1098 8296 5372 2281 3963 9302 2024 5357 7786 3419 5275 7826 792 7123
10 8395 6740 9944 8991 378 1215 4872 4834 2346 2029
14 2008 3208 4794 9628 3921 3319 753 7162 9458 23 3913 2853 1636 7281
8 8406 6658 5983 8401 3151 4991 4760 9387
13 5598 7704 9255 8285 7686 7692 9647 4617 7037 6610 7995 7437 2408
10 3030 7575 5709 2358 7377 4252 8255 1161 4556 7138
20 3471 8586 409 7737 3807 5428 7245 5579 6587 2054 865 1389 4096 6712 8621 242 5877 3223 8276 7964
26 7141 8209 5996 9815 596 9538 7364 7278 6946 2035 9849 1810 2526 7750 6820 3212 2563 9212 9218 3244 331 3526 6878 7756 307 6364
21 8102 9306 8351 8146 1386 32 1910 1676 4356 8638 8871 5519 6235 5005 8524 4280 6175 1894 6419 2450 845
13 8840 4437 5554 1240 9871 3789 4862 1768 3798 9074 7542 8788 9515
11 585 4414 9965 7867 2352 7438 6639 4497 2866 3145 8685
17 268 8739 8784 7934 4704 6716 1595 7562 8051 5176 2400 4647 470 3897 9365 6355 7983
10 4495 1593 1869 2440 7174 1474 3770 8780 7122 8828
17 1353 9920 3263 9314 5228 9134 5622 9975 1117 4561 912 2205 4620 3178 2974 229 4778
11 5406 3608 1886 5042 9783 4997 7521 2378 8202 5836 4641
20 8342 8021 3603 3554 6446 2059 2771 4384 5844 4857 2901 3404 9480 5956 855 7932 4961 6084 9069 1935
9 5649 9769 6956 2377 691 7453 5421 7450 5685
15 7640 6493 9813 4153 2036 7464 2397 4619 5568 220 1036 3716 9005 2604 296
17 1528 2123 3403 5816 7434 4403 9731 3429 4559 6726 4715 4684 8966 1397 6867 60 9960
9 583 7471 6200 35 7912 5553 2844 3941 265
20 2941 4959 1142 6413 1465 3194 6896 64 6082 4879 2680 5725 8688 9884 8031 771 983 4900 9615 8503
21 8204 7846 565 4782 8368 4595 7263 993 6081 1872 9859 9299 8650 5259 6798 2785 8927 5736 1577 1495 5150
22 3025 5113 1524 4733 4318 942 2673 353 9222 5219 4784 4085 3121 2945 7529 6486 8068 5687 4771 2750 5423 9336
9 1735 9996 9385 8192 6114 3132 1881 7676 1425
22 5304 9128 6307 7236 119 856 2997 5366 1211 9228 1561 5094 1277 7820 4674 6347 8522 5826 3350 4041 4729 3110
2 4829 2660
12 741 6199 7406 1904 7444 2065 1654 6860 3954 522 7214 8939
21 5381 6457 9602 5090 6742 1175 2178 6247 8869 7830 8446 3967 924 8544 6105 4000 3525 1268 8714 2815 6750
14 9979 2748 2495 3191 9100 5437 5619 6696 9358 7100 7720 3431 8908 6717
17 8559 8055 3510 5888 5662 2653 7309 8820 3271 3977 4440 836 4578 8436 5286 2795 2886
9 6321 7778 5313 6509 6351 8269 7539 4861 5718
19 3743 6558 1010 7870 6392 2077 5135 85 8228 674 7697 1891 2034 2631 7189 1358 1829 1285 6693
15 9581 8699 6879 6374 5389 4809 3045 7646 4631 7201 570 5177 9145 7938 5592
18 1269 2422 6029 950 381 6101 4366 3685 516 8819 9366 6590 2965 4945 2255 2182 4392 3780
4 6039 1381 3844 4324
14 8520 1973 607 7924 5133 8169 1296 8822 1890 8409 8467 8707 3971 5874
15 3457 1090 4507 4376 9419 645 7811 7275 8148 4272 6774 3237 4438 1744 3224
18 8728 2026 428 1963 6119 6222 8970 5879 808 9734 2535 3241 7340 3379 1329 393 9606 5003
6 4687 6735 5829 5503 7110 6354
8 3564 2357 206 4207 9954 6306 9999 5817
16 580 4223 3188 2537 6141 7682 9481 6344 2568 5630 490 8906 1926 6510 7767 5264
19 6649 8848 8040 640 9872 7096 1746 106 2842 6103 6389 692 9384 914 185 5595 6624 5791 5130
11 61 2788 730 3614 2810 1435 7978 3943 1661 8053 1837
14 4788 8323 6327 6503 9127 369 6197 5373 386 2943 9865 3301 3488 9876
12 5161 8566 8434 9251 40 9162 2911 451 9404 3626 2764 3836
11 6456 9544 8207 9925 6681 344 418 8942 2318 1350 2658
13 8179 4648 435 6903 5267 6871 3482 1246 1337 4737 8880 2114 749
11 6952 4511 9631 6563 233 2989 9943 528 4448 3504 7951
11 7877 8435 8462 419 3193 3315 5801 2087 2615 4577 9290
19 7799 2791 2566 5686 2731 9202 2126 1109 3648 2898 7680 1396 7130 363 8162 5467 8321 8648 1254
18 489 945 4848 210 9681 6270 2652 3646 8014 8603 1638 7627 5016 8165 9653 416 3084 2697
22 9207 4706 6410 5663 3537 8259 178 3829 8339 1876 9460 2396 5681 3545 7238 3318 4178 1404 182 3886 4918 2322
12 8184 6771 6283 3228 3466 9229 2580 7853 4817 5010 6074 4393
7 8420 7553 5425 8088 1236 562 7112
16 8675 8376 5771 4404 2754 6089 5847 5608 2154 8725 6823 6754 2553 3769 143 9956
17 6424 2106 3129 439 6842 3583 6638 5241 2128 6416 5155 3536 9755 7571 548 7251 6051
11 5245 2143 3833 984 5382 137 776 4963 6154 5531 7813
8 6160 1635 8198 4826 476 453 131 70
5 7468 3186 6935 6792 5434
11 1866 7346 6402 6056 8293 37 4626 4122 2666 9294 667
22 3692 400 9045 6567 5678 4607 9570 514 7515 485 1790 9167 1012 4106 5992 8264 8680 5128 743 8900 4600 4197
10 8578 8766 3227 6297 9754 1058 4333 5392 8333 7953
4 9121 5323 1953 2430
20 1993 5034 128 2216 9018 531 4709 8300 9611 1603 8926 4219 4543 7326 9533 1749 4425 7426 3872 383
20 3239 2838 5636 7874 5477 9116 9065 7019 9272 52 4787 7389 5909 5767 2294 2873 2655 4755 2968 6368
21 9901 7451 2782 9289 5375 9809 6932 3851 8760 3474 4893 4009 2478 3010 5741 2267 7480 1704 6732 7390 8174
13 7911 5510 8309 989 4602 8955 1319 3854 4936 6837 2188 2096 8371
14 9411 5359 6003 2132 8421 7535 8493 7940 5284 7930 3563 5613 1801 5404
12 1563 1723 2884 2966 8987 9607 2837 7454 2269 6759 7290 8308
8 4882 1984 1121 4048 9165 1679 7909 8677
15 5902 5990 1564 4202 9492 415 7558 2220 6808 1907 3847 9780 8048 706 4181
11 7229 9768 6450 4482 5012 8403 1023 7689 3144 8340 5960
16 4066 6924 7975 3816 3566 8188 2011 4046 3173 7205 6281 2721 7345 605 8046 3310
5 6965 5721 854 2591 1823
23 610 2436 4867 8803 5234 8110 9684 5803 8617 1943 8288 1292 2841 3039 9029 4919 7099 9170 1950 6976 4545 2905 758
14 7318 315 6125 3680 3732 3205 3623 7176 285 1814 4468 226 4926 1086
8 2429 3196 2455 1997 2212 9837 9914 955
11 6633 5487 6202 9757 3051 5422 9475 1250 8303 1253 1966
7 2278 6877 5541 2992 7883 5091 1976
14 2774 3104 3200 1685 6009 4696 1259 8099 670 2344 8565 1155 3733 5895
23 9020 3951 3068 3602 3842 7492 8854 8742 8118 3290 97 5824 3432 6779 733 414 5326 5355 9332 1076 8267 6606 2170
6 2418 6963 7408 925 2865 7395
14 9291 2899 3821 1843 5627 8609 1745 1110 6882 1979 6104 9163 7773 6073
7 9626 2736 4033 5555 5407 9196 5476
15 9187 9974 7648 6220 5783 751 9242 5374 3867 1531 2125 5785 4419 651 1288
13 8509 271 4863 8791 2751 9741 8199 8907 207 9525 7946 3931 2862
14 4586 9191 9830 7226 4065 9655 2025 350 581 1906 2701 3109 5461 6019
13 4644 7580 1537 4327 7197 1338 2023 9208 8793 2595 4925 7997 5544
15 2327 3029 1221 3915 2250 4007 9576 8737 6593 2407 8815 129 8478 3809 5894
18 4098 1734 2780 3605 5351 1529 8644 366 2443 7939 213 7095 3713 5707 5142 9887 4813 316
6 7227 3645 2820 4193 1825 1084
17 6694 6786 7430 9562 7382 572 6967 6066 6659 2264 4472 7483 2354 6661 7241 7617 7219
10 219 3384 3426 4705 5187 5344 5994 7488 7809 6651
12 2176 7474 3551 9086 7541 1851 8002 5277 6918 4671 4401 6273
8 1815 7104 1177 6000 1106 8306 26 9311
11 3008 499 5830 4734 5640 6846 1806 3001 3558 5499 9334
23 5222 9087 5025 8133 2635 3414 4024 3102 3099 3843 8103 2179 4086 6619 6146 5216 8729 6528 4341 8744 4922 7836 7985
16 8271 1852 3017 7172 9135 2919 6484 2388 6674 6253 153 3832 3917 8839 2625 2908
16 9670 2928 4761 9613 161 2797 5910 6391 151 5529 1116 6142 2728 2127 5676 702
15 2944 4910 4228 1863 1349 2404 8860 1779 8895 6953 5098 8704 6487 9567 6246
10 6361 5818 9469 3544 3666 4587 3493 8951 1880 2816
11 3321 7715 2994 5778 9946 1621 9201 7185 5493 8100 8091
7 3647 5001 9967 654 1107 8625 2491
23 8564 8715 1640 8637 3453 6647 9132 9496 2043 7167 7987 6292 9955 4067 3234 3448 6432 7 9931 1507 6193 9771 1958
7 7716 5481 3960 3198 4095 1172 1594
8 113 328 41 306 1924 8658 2628 2130
8 6913 874 448 2999 1146 1428 9663 7833
22 6607 3849 6420 7884 7759 2665 7216 1859 9516 5700 9300 255 5385 2189 3413 6027 7855 6626 603 4504 1868 9850
20 3168 2963 9078 4107 6438 2217 8116 2667 7812 5684 7414 1840 6974 7781 7354 6990 9323 3019 8964 8797
15 2313 5393 7248 2382 7253 2984 396 5221 4802 3213 3982 7168 7771 5037 8279
4 1724 9459 3163 5044
10 5402 8073 9252 6907 738 7667 2002 1549 1043 1207
19 6900 9685 8902 5668 7628 9761 3451 8981 4433 6868 5247 7402 8969 7974 2283 6623 747 2878 6148
23 2507 8774 839 8093 330 8615 4256 9133 3909 7361 3597 3070 7935 4964 9643 8141 3920 4222 9399 3094 4129 6534 1972
13 5343 7224 3050 6575 8529 6589 4278 3086 2437 5774 1575 9439 2103
17 3667 3170 4815 2856 2651 7847 1509 1985 9284 2192 586 1283 6505 42 1606 2858 7878
17 554 842 1995 6186 8772 6357 2105 8804 2640 9019 9351 8041 7845 971 2746 9067 2253
19 7088 1697 9297 9071 992 4503 821 6367 7592 890 2042 7132 3856 7723 2027 3642 1928 4269 4203
13 8587 9851 825 9735 6480 8667 1934 2341 7094 539 8365 4298 4054
5 6418 4352 3047 4838 1626
18 9698 6752 5205 3108 5620 7685 6538 1079 7041 9177 9424 6904 412 7599 9293 7023 6099 231
23 8698 5112 4630 8521 5240 2570 2140 5433 708 1168 7532 1008 9324 8004 7708 1782 5035 1730 5726 68 1552 7039 6461
17 6780 3160 5307 3026 1232 5170 4888 5160 1299 3476 2063 9428 9957 9807 5418 6761 9296
12 6767 7082 4154 5158 7386 2044 4588 2859 5115 6278 7307 9749
12 6044 8629 4836 6023 1942 8413 7659 2546 9269 6545 9076 9922
5 4056 5332 7284 8476 1663
17 2531 6851 4349 9951 3270 2323 348 6805 2477 408 1736 8015 2579 6760 3698 3128 1052
19 3410 7357 1267 1503 1222 7840 3169 4477 1016 4550 6444 7016 6790 9591 7244 4670 6302 2252 325
17 5881 2426 9890 1777 4139 871 6657 7872 4916 3339 714 9739 3376 1083 6330 6448 5439
15 8086 661 1313 4666 1365 9232 7498 3031 3137 6176 8887 2371 2342 6889 8980
14 8189 9666 5017 5892 4450 81 938 6581 2522 3801 7105 3407 4484 1680
16 2828 1689 6409 9002 3778 8220 5514 7145 2359 9142 6906 1990 3485 5266 1366 5248
17 1794 1100 6836 6475 8682 908 1700 2534 2740 3300 5850 2331 6592 8132 9309 5065 4531
16 7849 5060 6765 5602 8831 6078 5457 5764 484 518 4459 8473 7590 8777 9013 3781
19 394 5856 1804 6710 2639 2464 4555 4344 5603 4853 3570 4669 3902 5986 7832 4176 5677 7053 7611
17 6269 7677 6473 3885 5656 4786 1182 7150 4714 21 8755 4382 4025 6666 2890 3020 2671
15 6843 2784 482 5712 8795 7534 458 5211 4651 2532 184 3214 609 4142 8468
16 5027 8449 2690 4020 986 7342 6737 9950 5394 3610 257 7798 7584 6145 4757 9184
9 7709 8277 168 9483 9482 3000 1131 2488 8138
20 7188 166 3786 3632 4141 2033 5838 9151 9632 1692 4892 612 11 6522 322 420 2872 7526 2353 12
14 1332 9595 9805 4064 7683 3116 3366 9062 2395 8510 9687 5556 9239 8330
13 4475 6875 1908 1430 9273 7466 4117 7926 7125 3330 7089 1380 2993
17 7064 4170 4665 9382 9524 9130 9710 7642 3261 3258 5099 2557 3277 1229 1361 1462 7044
12 8213 5746 5887 9634 475 8665 1443 7984 4159 3372 4329 6988
9 6912 665 4699 7907 4163 2693 6363 9489 3206
17 8787 3459 3541 935 6523 4099 6672 1048 4722 8126 1501 6773 2936 8196 6964 7989 1479
10 3697 3329 4717 46 3757 4562 5191 4237 2445 3184
11 4536 1489 5377 8079 6034 559 9186 695 5412 6731 5443
12 6656 2293 3866 7572 1500 4137 922 5690 9604 7066 5903 1987
6 1227 6377 8990 3455 7917 5573
18 7293 4200 8346 9705 4028 3879 4485 9364 4819 6925 3846 4487 4407 7520 3074 9726 8866 3987
13 2324 7117 6536 1601 6886 4986 8695 4006 8460 6295 9271 9759 5311
23 5971 3430 5347 8155 7191 374 8164 3946 3997 6800 9001 1420 2268 8166 1850 5274 28 968 9437 1927 5354 1938 8375
5 6662 6455 5562 3760 748
13 1447 3067 4502 3375 3936 3231 8084 6050 8012 5609 8036 1813 7215
10 3333 1778 5124 7178 8153 1974 735 1623 2902 4968
14 1194 150 7494 5050 9265 3746 6094 1045 8097 4533 6609 8881 9597 923
12 2296 8979 5535 5955 4411 3450 5111 9791 466 8684 4354 635
22 9733 1625 9144 3795 4869 4396 3054 1686 2160 3418 4274 1476 9724 8218 2633 3979 8920 471 8305 2824 4005 3274
13 6529 8892 3475 2654 3181 6161 5134 9593 6539 7725 2617 165 3633
13 1883 4084 95 7994 1294 7068 8266 7898 8935 3567 9961 1936 1645
20 7455 3424 7637 417 1460 4914 8876 3952 7971 3308 1781 6714 9616 7447 1548 5119 1347 1798 3950 3945
12 7711 3291 8030 2607 2309 3550 517 7497 7302 6611 2929 3533
14 8965 2482 8550 5411 5171 8049 974 8013 5585 5363 1574 4676 4530 2090
15 6794 4935 5516 3840 313 560 4441 6460 5062 9231 727 954 3125 9058 3238
18 9820 1530 1276 5957 2916 9497 6893 949 4775 9882 384 7819 4732 9119 571 140 4315 4296
14 3049 6068 8382 802 3565 7442 5107 823 646 3326 546 9641 1855 6323
11 3708 2937 6769 1822 77 9863 9389 9204 5946 2249 1952
6 7140 3202 9085 5814 8507 6944
4 8227 4768 5961 8275
15 3655 1421 977 3468 6243 5074 319 3547 5651 3613 7124 5930 625 2529 8260
17 7186 9503 6012 5917 881 2115 2374 9240 8692 1624 7718 2789 3935 888 4751 3275 9277
18 4877 5189 9487 8614 9527 1331 7808 2969 2875 6751 2882 8415 8810 2871 3711 1540 6300 4305
24 3546 9691 3991 6021 4297 7246 2900 3124 7777 3062 294 1429 929 8027 3894 6047 5249 5233 8107 6588 6010 6701 3369 2659
23 3245 2230 8338 3445 8768 1355 91 4636 7805 4634 9667 3761 5041 4851 8074 809 7583 4517 3412 7670 9745 9203 9061
9 2589 4255 8653 1845 6062 872 4982 5224 9637
5 7810 892 8835 2573 5019
19 8029 2957 3066 8681 5495 2119 9742 9408 5632 5101 4470 9542 7419 868 3440 8712 3273 746 1653
12 9046 7804 2260 2719 8060 9448 5832 2347 9217 1158 8352 8152
9 19 2520 9869 9657 6601 9158 2288 4898 7228
16 6654 1251 3557 8128 6272 8761 6491 7516 7806 5314 103 3980 6055 5505 7181 4189
14 6189 3176 5120 6984 8059 5069 9981 6274 7503 3507 9541 9674 1706 4700
17 1414 6239 498 895 657 5279 9612 9624 4625 4845 1572 5339 5319 6992 5797 5935 5077
25 8783 5698 4980 9947 5719 6356 8504 8151 4798 7769 7829 1248 8928 1656 4357 1130 7018 149 1136 3387 5633 270 51 2888 4018
18 3527 8274 1326 4940 6251 9928 3621 6106 7866 6728 1988 731 1262 6667 3171 8611 2830 3378
13 6502 2742 7602 2167 152 9537 2706 8800 7727 6680 4368 5478 6569
25 9166 7585 8536 1491 8575 7211 6216 2434 9035 5701 3165 5009 9911 6134 5278 4590 9978 8829 9522 4216 7126 526 7083 901 8429
26 2603 5500 1200 3938 8989 3112 5799 5766 5082 1494 244 5702 4871 7822 5534 2874 5527 5073 6861 3473 9470 6697 7400 6037 8561 2145
15 4873 7319 6338 2896 2663 8595 7762 5550 2977 1320 5157 5463 3023 8716 1452
16 6139 4455 7446 1755 2776 3122 969 9980 7407 7918 7062 72 4165 8286 6230 5272
20 8489 6159 7373 5156 3215 1721 2648 6181 6743 1073 4316 6014 5456 7517 3087 2638 3189 3727 4841 980
14 5227 8426 2973 9680 4957 8445 5088 8263 2948 4314 9983 2139 3824 6194
19 1838 9401 4080 830 7232 7785 595 2240 883 857 5268 8775 7734 6117 7721 6577 1526 7349 2287
19 8149 3891 1527 2518 9511 1557 6814 1762 9263 7629 1820 8416 8807 6824 2175 4535 9049 781 7335
8 8630 8792 601 9180 9159 9346 5475 9921
19 567 9412 6711 5566 3594 3370 6380 7344 4105 6319 6064 9148 2389 6126 6568 4192 664 6700 8211
8 696 8978 4011 230 4513 2475 9885 8572
18 477 3773 7000 3906 5815 3901 9896 1393 3285 5532 467 4621 2894 9932 3302 9808 5435 2210
16 7435 7428 7465 4703 4410 2982 8546 6331 4675 8067 4351 3242 6464 7336 532 8139
13 5218 6155 1986 2825 6762 4965 9479 5470 9661 8525 6371 9953 107
21 1228 4233 47 6425 354 4913 2314 352 1541 2104 2218 4190 7106 7886 4102 2895 4118 1258 452 7202 840
15 666 8085 5792 987 4453 7021 3078 1026 2733 132 3998 5673 9432 2914 7002
16 1407 8713 7372 933 7152 7256 1062 74 542 8026 8883 8976 9798 3503 3246 6285
14 6485 6004 9586 5593 9900 3305 6301 5804 3150 171 7328 8946 1659 7814
11 7864 4467 552 1639 6203 6810 5102 5625 262 9099 7374
10 3147 6340 5356 1960 8661 515 6249 4240 9719 1060
11 3918 6304 9286 7337 8035 2954 4449 4358 2850 6600 1713
20 8932 3976 2649 5779 1587 7425 7169 377 3085 8450 7672 8811 2950 8738 3076 3344 8497 9898 8910 5449
20 3249 5466 6265 98 2041 100 8671 2076 3785 8827 7221 538 8646 8299 1622 3081 1091 4474 5596 3857
