30 3160 306 6791 3128 6168 4622 2912 1198 1944 5570 4396 1104 54 5766 8345 4420 9931 733 9525 1338 3255 3965 8676 543 7360 4584 9476 1010 9650 7947
28 5954 7136 5634 6319 5966 9039 9751 2394 1750 8264 1477 5603 3507 4147 6471 3271 3102 211 7023 8403 2277 765 1912 5016 4666 3173 936 9354
29 2822 724 7030 6093 4717 1600 5783 1592 7278 9327 3835 7275 2184 7620 5027 6220 6078 226 424 46 3617 242 9167 2427 7616 6667 3030 5851 9418
30 2921 3756 4060 4091 7020 5829 15 6105 4387 5401 4785 4130 8755 3415 3828 9712 1536 803 5150 2596 8705 4220 6342 6239 6499 20 2848 2814 6179 7264
29 5831 3117 9031 5197 5153 4386 1430 8410 6361 7931 2243 1493 2705 6192 32 7893 9050 9419 2886 7373 5871 469 351 7618 2819 3057 1313 2157 5885
28 2820 8698 5532 3519 7323 4391 7149 8897 1306 5900 6185 4374 3721 7118 4199 7184 2462 3891 6964 1273 9926 8474 6899 3111 3354 9774 2594 4875
30 9997 7833 5524 5149 2263 1024 4227 970 9622 4724 7703 9921 4591 5497 7612 5972 2949 2727 2070 1955 7098 1343 9479 5558 4255 3239 2448 7319 8819 2681
29 835 7229 9992 5942 3259 8439 4495 4282 2499 8874 6666 5096 7785 1962 5122 5270 5594 8333 1741 3549 7640 959 293 4336 4042 6447 7938 2561 6065
30 4506 493 1312 9506 6620 873 5224 5580 9880 87 5687 1861 6454 1948 6484 1726 802 5040 9671 9611 454 1605 9305 7461 9291 517 396 5845 126 2084
29 8450 7639 7871 4535 3702 9678 6519 8718 9619 6675 3545 3603 2397 4599 7346 9609 1832 8837 1652 6685 2861 5762 2443 2285 6251 9698 5667 7697 9558
31 2603 2635 3198 3258 7384 9384 9980 35 9406 3780 4263 1872 6318 3955 4295 6915 9996 274 9560 9624 6792 7582 7971 1381 4449 6 1800 9894 8270 1946 3818
30 2854 1785 5955 9913 9251 2048 6348 8257 9745 5439 3086 8602 7531 2720 4919 9800 2251 2219 1858 1941 9511 4863 3924 3133 6139 737 8660 7435 561 6625
28 2139 6152 3383 6234 1855 7286 2782 9762 9006 1423 3315 4696 1483 947 3897 9683 2321 4086 272 9541 3526 4485 2896 2976 7166 3816 836 9837
29 9670 8502 4797 1407 4455 4250 7203 9864 8506 1679 5059 7345 2699 2790 5093 5842 1567 3820 478 4719 5194 8091 4620 4012 4008 1765 4561 8784 6173
29 1959 5645 1247 5156 9956 8237 908 7201 1735 5861 9634 6893 9057 855 4918 2006 1057 1654 7628 761 1332 7451 3977 857 8749 9244 5712 3857 3952
30 6933 3265 4057 9787 7161 3623 1969 8375 6286 9240 1219 2230 4153 6849 3095 4617 7199 6539 4555 1623 6734 6894 6126 7389 3586 8535 8100 4590 1350 3504
29 5260 333 6613 8121 9202 7552 1250 768 3272 8256 5343 2280 2426 8691 2984 2882 4819 2447 3728 774 4982 5264 5190 6478 181 5276 9444 5562 8618
30 7590 2098 6021 1365 4803 1964 7177 3267 8790 4452 2542 8013 5420 9249 2589 4448 7033 8221 3068 8259 1043 3357 988 1628 3559 3943 2329 2807 9431 9138
29 6261 7642 5846 9797 4415 571 813 3348 2310 9231 4163 7802 6585 954 9002 7171 6726 8310 1656 807 2733 5576 9789 6317 6366 9613 7008 3403 6835
30 7759 2772 1030 8170 9304 3907 1293 4313 6205 2142 2176 3608 9728 6178 2404 7586 6362 4033 324 7684 5335 6165 3200 2553 8112 3649 378 1607 2668 8385
29 2734 2163 6687 9646 7798 5713 6027 7878 74 4864 4822 3273 1933 9414 3894 9666 4129 255 8921 4686 9341 8521 6917 3713 6761 9535 9438 8879 1766
30 6599 2446 4581 9257 1983 2570 3744 9165 630 3647 1310 1096 4293 4456 683 6375 6048 8972 9587 8563 3428 9519 9449 3257 8802 4196 8830 4257 4963 4915
28 3060 9498 4507 3950 5585 5990 2609 117 4799 3212 3330 1402 5259 1029 4312 5648 3293 8984 657 797 8010 8088 6339 9134 3328 950 977 7527
28 2234 1415 8415 7864 780 4393 3300 5512 1081 168 7122 5791 1262 989 9729 5627 1224 1625 9807 1026 5995 7197 2376 262 6052 5774 265 4916
30 5454 2922 1824 4543 1909 1049 5896 8957 8328 6562 2960 9973 1724 7560 6951 7258 1353 8051 2111 3325 4653 6333 6070 1202 4267 1685 5386 5491 6626 511
28 8033 4172 957 8386 2933 3417 9721 1542 4809 6750 1692 2590 1585 5854 1853 1439 8667 4752 7573 5338 1200 3990 5709 714 3936 1015 2481 3554
29 8103 2648 6610 6935 5171 9777 4514 5759 4758 6296 7484 7706 7838 189 1771 623 14 9596 3276 6691 8600 1859 3483 9523 1981 5471 371 4419 722
30 6428 9696 8205 6754 3268 2049 4788 9184 6547 358 7409 9412 778 1144 8334 1358 4424 3574 5628 1565 3788 1755 3087 1328 1930 9805 4947 9152 1235 960
29 7245 2191 7395 3333 7699 1260 3049 9565 8828 3678 4040 3035 8769 8115 178 9355 4378 1117 8041 8947 9028 8430 9108 1978 2866 103 8298 6942 2254
28 45 2414 3765 6699 1505 2401 6727 7393 5496 6256 4774 4952 2019 1885 1894 9098 4406 4143 3372 3140 5145 3712 983 1947 4346 4058 1212 1199
29 8854 2440 3782 7183 3746 2212 1042 1770 36 7390 7761 8284 907 6829 3054 6365 3499 1156 7141 4301 4203 3725 5785 7019 9713 4811 287 3530 4347
29 2368 6330 1364 26 273 931 1794 3205 3243 4413 5119 1647 6434 1489 1046 99 5731 299 5498 9875 2742 5089 5358 6751 105 891 145 3540 5269
28 9475 5233 552 429 432 6211 1689 311 5969 5133 1435 5292 799 9763 6147 4815 4043 2700 1582 4208 9086 6771 5728 5173 5559 6442 9782 6202
29 5679 3042 2765 2330 1036 3762 2144 1994 7110 3934 5510 257 4818 4892 7312 6026 7924 8975 7881 7563 7095 725 3572 632 7094 205 2031 3285 582
27 1666 6257 4757 3350 4123 2058 7513 4083 7097 9976 8191 5913 4074 6483 4902 3869 9567 7127 9088 8405 7204 7490 455 1393 2067 1345 7559
29 5266 816 5136 7636 3295 1016 7016 184 8517 7045 7942 6354 3134 3893 1507 3437 4125 4103 5733 6589 4939 1072 7600 814 8935 6988 8744 3188 9346
29 6440 8039 6600 8875 291 2339 9909 250 1127 7038 2909 1166 4667 9135 4943 5646 183 3113 801 4439 5283 9682 7252 4993 6201 9099 3522 4775 9527
30 3039 3877 548 4099 4249 605 4948 3871 22 5502 5366 8889 140 3543 2761 4120 6075 6518 3596 4475 4649 4508 5339 9623 7052 6717 6377 1678 1690 6014
29 6198 7006 2069 130 9515 6485 5435 5639 5090 7062 2011 9497 7300 918 4471 938 8028 3594 2662 4928 7565 284 5300 8606 8637 7156 5960 9847 5666
29 1434 3562 2335 6463 6150 7383 555 3854 5274 4370 1694 2986 8455 3368 382 1664 5790 381 355 1400 562 3338 9496 7897 5812 7107 769 2620 6121
30 1179 8372 1060 8431 2526 8615 5126 4975 2021 4885 2286 5501 7432 3849 125 7012 7307 4693 9776 1471 5047 8181 770 2905 8788 8018 9765 9968 6656 694
29 8019 6812 8653 2813 4006 9190 6966 4703 5457 6328 1693 9720 7334 8659 600 539 3495 903 2663 4498 4886 827 2934 1311 4608 5569 2902 9995 2659
28 156 3581 4701 3260 8282 7790 1639 2908 9415 9733 3144 2943 6145 225 4011 3463 6521 8217 2690 4016 3178 5141 9193 6248 7807 8682 3062 3876
30 1711 9887 9743 1862 5207 6005 4887 4597 5163 4640 1242 7037 1908 2262 4546 8378 9430 2466 5688 9266 6035 8735 5250 932 9032 5711 4954 4556 212 6627
28 1134 3720 457 9930 5456 9708 8093 7675 5802 3508 5327 1034 6721 8254 8610 4838 884 8233 3666 9271 7736 7224 3163 8058 9912 8011 7593 5273
28 5876 1377 2874 2940 9123 1659 4076 6057 4348 9178 6609 7939 7941 3449 4371 6540 999 6315 5980 967 6019 1982 5184 1347 6533 2008 6842 6017
28 1566 4980 3534 9891 5598 7430 6007 7227 4194 8603 6263 1215 92 9185 4776 7795 8757 6695 3732 7170 5364 9374 6887 3661 41 1540 8167 7502
29 2758 7855 4568 6864 7151 6123 1487 2238 3037 7105 2931 6224 1303 8384 8489 2324 4750 1195 7879 6604 3809 2471 8427 4038 8043 2779 9916 4135 9343
28 5959 482 8543 1860 1152 8766 9504 9183 8005 1519 1668 4882 2520 9279 1667 4883 7737 7570 2726 1296 7686 1646 3224 3369 7100 3664 5915 7899
27 9151 3827 2554 8778 6177 2775 3479 8001 1326 9376 3484 3563 6352 1314 6696 9830 3376 6938 5778 7571 315 1447 8770 6506 2306 6217 1185
30 5604 8607 3878 5462 6407 8714 3703 6099 6744 3715 7784 995 9247 3834 6735 2114 9877 3409 7438 7476 4786 488 6108 4624 2751 3938 5685 8589 5681 7417
29 9861 8394 7380 5895 2841 738 4673 6738 1897 2457 5192 8552 5162 9824 6450 9570 8210 4836 9480 347 6122 6903 5234 3219 79 8893 7470 2267 4644
29 4467 5030 6796 4937 6284 5705 5619 7840 8541 2955 8153 2897 6993 2903 8124 9757 9140 7231 7093 1075 1722 6477 4409 6335 3015 9320 340 7841 3107
30 9832 7080 159 7251 8547 2752 9097 9955 4734 6535 7651 5311 8347 2842 7043 6433 3343 9077 9174 2344 4778 3966 142 2865 4705 6833 5586 3645 2804 9958
28 9738 6956 6497 1751 4279 663 7773 5683 4621 3882 7024 878 7188 5411 5839 2151 1391 5205 4924 7366 155 3070 3910 3208 426 467 5635 1990
30 8725 8184 7787 7581 6973 678 9825 7988 6978 2175 9889 7776 1988 3284 6060 4851 4488 3650 6962 3754 3245 6219 728 4569 1112 3842 1316 7089 1928 2623
28 2863 1143 9200 3278 4152 9391 8239 800 2707 2558 3986 2857 2877 3759 6741 2527 6977 8155 3162 4991 5271 6855 821 6260 9576 2523 2371 9643
28 3883 7382 9942 2482 3518 1239 8293 7526 2613 3304 1011 6707 8821 710 6757 4414 6802 180 9530 2871 921 7905 2434 3157 3355 8574 4063 3767
28 2150 8085 4794 3312 2304 4126 8526 7347 4589 3532 1256 9654 3147 6908 4779 1416 514 595 244 4663 118 4324 4319 2046 8782 6762 8945 7775
28 691 1817 726 3640 1863 4655 4567 6676 9362 261 7450 7000 7443 5848 8807 9252 1173 6905 5655 3916 3787 3739 3577 2115 8002 7968 6371 3870
30 7318 3384 2241 1205 9636 375 8711 4969 3429 1304 5429 4168 1742 9458 2171 6100 7758 4522 6288 1806 176 7420 4810 6241 4850 4367 2514 3758 7978 5211
30 3516 4501 7448 1037 3866 5082 6618 7872 3430 3320 9526 4266 2314 8814 7493 2193 5394 985 8107 7710 3964 6194 4000 661 399 8559 4518 5481 277 5107
30 5455 6130 6982 9460 3643 5116 2746 5796 9272 3745 2843 1218 38 5442 1490 6716 4167 2206 2231 5640 4359 8825 2347 2363 8243 4416 749 3652 4714 4871
29 7678 6557 2890 3618 5109 3557 7668 6167 8292 8638 4579 1548 8861 6941 8883 1068 2658 461 2453 348 6131 317 880 37 5985 3274 2291 9109 4329
28 389 8246 4765 7458 7295 5313 132 1898 1725 7835 6225 5083 7072 6996 9326 6644 904 3088 1006 3768 8357 4463 3426 2927 4412 1270 5877 1637
28 8980 6770 49 4442 1462 5744 308 9393 2892 5508 9593 2355 345 8137 8787 3301 5248 3824 2602 5267 7819 2317 3154 485 7970 9927 8353 8307
28 2995 1660 9868 8919 8833 3122 9229 6652 8469 5397 9482 5282 1744 838 1052 9852 3890 5554 591 2688 3874 897 6602 5819 509 6074 2532 4594
28 9058 929 9117 6482 5855 8584 2375 3420 266 8655 3743 3817 5905 5993 9299 1382 3576 354 1624 853 3115 9972 1277 4646 1428 6271 1367 7456
29 9053 4634 5475 5881 9076 2873 3033 3281 7660 4736 4684 8222 5894 8015 1530 6841 2043 9981 9144 5630 6458 7140 2545 2964 9208 1967 8187 4635 9577
29 187 7132 1348 7929 4 5680 221 1004 9461 1609 4520 521 123 6665 844 1535 7622 2047 759 9614 8301 5172 1497 9686 5864 172 3589 869 7887
29 7643 1938 2332 276 817 4834 220 6866 2470 1370 1074 7753 6456 6386 3377 5104 3886 2945 842 9016 7821 9206 9503 1877 3547 6798 9866 8351 6422
29 3190 9960 3533 2604 9811 3455 5229 7538 484 9425 9126 5509 2120 5198 7112 4365 2753 9674 7975 3263 5625 9684 8252 5599 3237 439 3074 3422 8694
29 3183 6227 7574 5898 7351 5460 1913 9467 9648 8876 8150 4064 9964 9311 5330 7656 2951 7591 4572 5697 7 1274 8922 1997 978 6783 1105 9188 5033
29 4904 7205 4122 3324 3524 4156 1133 173 6470 1797 3794 686 1244 5073 1461 9122 2341 7823 1286 8098 4198 723 9101 7868 9112 990 5432 9860 2518
28 3425 5147 3833 5185 7976 5726 6779 1340 8848 4264 5314 9704 4825 8963 6228 9283 6204 5631 6505 3915 1077 146 2987 2063 8146 5256 3279 7471
29 2717 4260 5756 1014 8872 309 5499 4116 8235 5235 7610 1564 6814 3819 7290 245 2256 2564 7425 8674 8048 5663 2421 3688 7289 9900 7553 1268 4275
27 7849 4574 8870 5129 6275 9937 7910 9380 8458 1680 2052 1618 3303 5379 5956 3971 1073 772 7780 4022 5922 3542 9766 5110 6303 1136 9192
31 6885 7851 7179 3701 16 3696 589 5637 2489 7468 4334 9575 1214 9490 5265 751 4072 9734 8847 5123 9985 3900 6642 6420 5286 4450 6136 8953 5591 3529 2103
28 8232 1595 1186 3951 3291 6016 3949 4377 4341 6268 9368 3631 2408 7532 8761 3853 5487 241 4133 4269 6805 5088 9201 651 2776 4512 2007 2423
30 9822 3075 4338 1139 2145 837 3346 3326 927 6160 5749 4519 2124 5219 157 2185 9119 1495 5617 3973 6803 5892 5437 1900 7644 2718 7223 2075 5204 6614
29 6340 4967 286 5555 3598 7543 6767 2106 6309 383 5843 4833 4720 5428 9736 7233 6611 2484 6487 3569 4606 1979 6848 3478 235 3796 2444 7718 3082
30 6430 2996 314 108 2755 9115 163 4298 5223 8274 1301 70 1709 8665 7288 9060 4373 1511 9471 7027 3394 8064 1455 7658 7354 3930 6041 2915 9296 8629
28 3448 750 7015 9732 7442 8549 4096 365 9725 4831 3850 4223 3975 1321 4925 3723 6594 1225 248 6394 2787 7827 8763 8174 8712 4600 5216 98
30 6056 8579 3119 1670 6961 462 3238 8834 499 9994 2183 2522 1444 3121 8020 8650 9421 7673 8034 5841 8496 2831 8359 7501 113 1378 9863 2268 8539 7555
28 8172 7794 8125 4870 2640 5182 7865 8111 6212 9660 6097 1688 4101 3435 1870 8675 5373 4027 756 5799 5099 1078 2503 2796 2691 3663 2925 9982
29 5371 9246 9104 3679 4966 6922 9147 319 6538 8993 3565 6586 4316 6082 9367 1392 4434 3928 3056 3252 1090 6196 7933 7048 4961 12 5317 6952 5193
28 2870 4759 1768 477 1178 949 2868 6215 987 373 4401 1919 5306 2424 9876 8276 2181 3222 549 944 9840 8789 4108 8736 6358 4793 8443 9700
29 9145 4114 8546 551 9755 6445 4408 393 7866 9059 4931 6697 3548 5828 6174 866 4258 3535 247 6900 1561 767 3165 6209 8520 6327 8416 1211 2565
28 2223 9594 7984 5794 2293 294 7870 3858 4044 7401 8677 7766 7459 9455 5191 9598 6884 2333 7495 7504 3032 1586 4783 1594 8376 3931 5953 7820
29 2584 2563 5245 5675 3953 3412 1131 662 1354 2722 8391 4021 8605 406 9091 7172 4843 2806 2723 9171 8361 622 2336 1716 7542 1601 2829 5410 7010
28 5254 9446 1196 5134 8273 8575 6634 4273 7111 3176 7305 1867 5441 9792 8630 5971 1613 5389 5708 5111 9775 9610 823 9557 6415 6184 6564 4977
28 6975 476 6046 8327 3536 8991 3335 9310 1620 6690 5304 1003 4423 9552 5519 6492 3193 3473 2974 9578 7469 6548 1718 6916 65 5621 8715 5453
28 9141 8896 3630 2169 1465 1283 2838 8646 1839 135 1526 8967 1128 8142 1409 2888 9427 440 9085 3789 9245 5872 1633 1834 7050 2123 2213 233
28 6096 8404 687 5669 1059 9907 343 4015 9675 8723 3637 3606 2044 8509 4551 8926 9047 8158 9156 1803 3397 1162 8965 4631 4973 1464 4897 2217
30 1111 295 1573 9037 479 9129 4005 489 134 2194 431 3362 84 2780 6701 5581 6439 1828 4321 7635 847 1284 2621 8962 374 2533 7930 7837 7178 1154
29 3660 2600 4349 8740 3987 6102 1985 4903 2591 5296 7629 1290 7068 5830 1091 7702 318 9066 2299 4842 8703 1945 1019 5575 6713 9579 8928 1551 7577
30 4891 3240 7946 8513 540 2914 1441 5079 3520 7755 8040 5597 1754 865 5782 3175 2060 9264 4310 4261 4853 3342 4234 3673 2612 8955 1227 2907 7362 4184
29 7320 9054 4754 747 2506 3680 740 8679 6218 9436 9548 6651 5852 2014 1905 5695 407 5884 6443 9946 2361 269 9539 2778 8845 3197 6320 1315 8636
29 9191 8299 3991 61 5298 8701 9329 9439 8389 9339 1849 6672 5106 109 6253 6502 8283 2692 507 3737 4159 8664 3861 2483 4105 3406 3467 8768 5065
28 6781 377 8177 3339 4480 3405 6379 1344 5390 111 4898 822 9179 777 8338 3137 6861 9262 599 1970 2543 6158 8633 2197 5795 6673 1533 8465
27 3636 2091 8654 7638 3735 2664 1076 320 6615 550 5070 5533 6948 1847 5072 1221 9999 2227 2022 6346 4041 5221 3706 9633 2828 8941 4605
30 3353 625 7235 5545 3582 6444 1165 9546 4315 5369 4929 6914 6954 1650 3269 2739 6282 5590 3085 7133 1101 3189 4968 2597 5515 3014 3207 9971 7153 2507
29 5482 7545 6265 3005 4186 6844 2298 6393 9554 8123 1516 7387 8844 3011 1553 7265 8175 2485 3184 8300 776 9938 4427 5180 3141 6920 3092 8548 8114
29 3187 4107 3693 4318 8261 3716 3847 5138 2435 6331 8988 3506 8813 6719 1873 6175 6565 7248 2128 2473 7067 7434 8344 1443 6293 7521 9687 3957 9768
29 4611 3210 4773 2244 4715 304 1138 5424 7748 5838 5659 199 8734 394 1621 9935 5746 5013 8420 9316 672 8059 1018 752 4664 7152 8272 1739 1397
29 2849 1599 5941 2512 3306 6000 7842 7467 8649 4289 7815 9862 8956 3502 3941 6462 2889 1351 3329 5431 935 1922 4651 2282 2559 2093 9423 870 9802
29 820 862 1285 7724 5244 9874 7412 9975 1549 5407 532 8832 2998 339 4368 7013 4492 5098 6527 6270 6401 1107 7987 6769 8994 4532 3349 8216 2367
29 9581 9194 6879 1818 9669 4248 3242 2450 5878 9883 2097 2474 6085 430 1968 3692 3512 4738 7225 97 3749 3591 349 3848 2203 8895 953 6732 7492
29 8598 1833 5041 5345 9884 721 6049 3644 6919 468 2055 3146 3416 6137 1963 9196 8242 1013 2319 6087 6529 4102 520 7480 4959 1266 7214 2969 5988
31 719 4830 5608 702 3462 2747 2677 7239 3439 4444 1259 1226 8907 2606 198 2010 8713 8960 1789 4056 9944 5858 8863 8411 6541 7505 5459 8750 7371 946 6804
29 7138 2146 7222 1140 9385 3139 9027 5857 9107 9267 1545 8067 2948 781 863 7088 4340 4740 2492 3773 7825 1438 5710 1500 5521 652 4735 4940 1773
29 9392 5673 2793 3316 2965 6520 2439 6994 5862 7304 83 1163 5869 3382 7725 6432 4059 4609 5750 8580 7198 4971 783 2405 2862 9064 1327 6843 8311
30 3016 5703 5952 7309 8829 2555 8421 606 2794 4938 6344 360 9502 5290 3321 5230 4421 633 3231 490 6020 9234 6825 614 809 9759 3760 7631 4767 4171
29 6507 7047 9695 2858 4050 158 236 1904 5887 2132 4204 3392 5395 1544 5994 8882 3213 7218 9509 9473 8524 9298 6467 9450 3493 8409 1295 4956 1911
29 5588 5160 4166 502 9073 3380 3537 1238 9495 5822 8466 7906 9855 1280 5962 2869 5076 8843 6476 4826 913 2486 5518 5039 6534 6921 9748 7854 2388
27 5832 1925 910 6092 4710 3851 1414 2313 1810 7661 9035 584 8435 6291 6338 388 8720 9162 9897 5807 6290 8160 6076 6490 1071 5050 202
29 8141 9814 612 4996 961 5258 6255 2840 2771 2917 2989 8131 3298 8604 2724 1892 669 9323 303 9929 8817 7749 8136 1086 5359 6867 8959 7066 9510
29 9106 3288 7115 5997 8063 9258 2154 5010 4575 1427 5601 7525 7404 4294 5800 5943 8599 5422 7832 7826 2081 3523 1129 1874 1626 4437 5736 6133 7326
27 3249 9561 3972 40 4400 6421 682 2774 4145 4638 4945 4284 3246 5720 9673 8534 8900 976 5754 7302 3676 9903 1237 8981 4237 5361 419
29 681 2830 6214 6623 9735 9719 4307 2331 7046 413 4844 4212 9068 8149 3920 6530 7500 9528 2592 9199 6831 542 7512 5342 6828 677 2400 4708 5707
29 2038 1752 4259 2876 9836 2768 6816 93 4953 2624 4262 3825 9072 3923 8279 917 112 4645 4868 9083 6937 3223 1481 7977 818 9679 3308 5029 3748
30 6570 3860 6245 598 3 7144 1282 5170 5105 9153 1683 3670 6310 6388 7948 6448 7888 7365 7079 5853 6896 6645 1153 8929 9069 7791 1446 9829 2952 973
29 327 1204 6729 5815 1558 8046 590 9395 4545 8289 7209 8505 5834 8371 3220 5540 2714 2411 2754 1201 4211 7293 267 312 7683 7386 7246 8132 7260
29 9351 9440 188 2012 6790 7180 5706 572 6874 2832 6711 8245 6693 5024 5664 3801 7556 2593 9551 9701 4972 4626 423 1318 5009 7121 47 2895 4771
28 701 3632 8434 3149 1608 4192 9494 80 7916 1971 4497 2935 6115 3812 2704 4139 9276 7813 4911 1901 5722 9472 1731 8672 2170 9071 2530 6441
30 1826 9360 9366 4458 3844 629 2053 2644 1299 5168 6795 1837 7824 564 8639 6006 7271 8370 7808 3615 6555 707 1155 9514 197 1305 2501 3101 6264 1363
29 3592 280 330 5377 1197 9322 4278 6395 243 4527 7257 1023 510 3065 6156 4676 1673 5003 7961 6064 8340 3593 9945 2294 1815 4682 9767 1851 849
29 7674 3209 9336 3385 9175 5448 9856 5446 1411 8700 6715 2100 5291 3360 143 2845 4335 618 4070 8198 5641 4073 9605 8179 1951 616 5849 8092 6135
28 5835 5801 5492 6402 7986 3275 8727 2410 4889 8122 4657 2539 5080 729 6742 4727 8319 2521 7624 1335 7904 6679 1841 2257 2942 8374 3829 2288
28 4115 9288 7475 4909 8530 2701 5912 2232 3777 4652 8253 4344 5579 7077 7859 5409 9209 7353 2118 1884 8021 7250 6465 7602 6709 3607 3970 8932
29 586 2517 1040 8586 5612 5066 1095 9235 3192 5975 7614 868 3846 8512 4160 7844 1488 222 6343 8056 5164 1324 2575 9950 3729 730 8596 4540 4821
29 3440 2156 7096 2524 422 1575 6710 4566 6186 1317 6856 7928 7007 3807 9923 9681 3418 5252 9706 5444 2172 2159 1331 1527 7457 6013 8582 9786 9556
28 1408 2351 9492 9219 2147 81 402 2797 9314 6037 4941 258 5108 6749 9707 7779 645 4865 6827 6381 1478 7567 2883 2269 6901 9452 4339 2630
29 7782 1942 8678 7648 2253 8250 2346 3040 8377 6740 6364 1708 741 5417 9448 8490 9197 7912 8313 4595 3761 3509 9879 8433 3098 2627 5678 2786 5674
28 4182 8730 2152 4327 653 6766 6341 8022 200 4363 2725 2153 1459 9 2348 7385 3740 9070 5927 9965 7085 8951 3374 6141 2567 2544 5002 7688
28 7277 9688 1556 7982 8613 919 5682 8572 8000 4577 1643 997 916 7588 1706 7196 8461 6526 5920 5623 5814 11 1108 2095 5907 2441 2781 5320
28 8044 7186 7397 2599 5999 706 3091 4487 7202 6606 3494 223 3629 4748 5786 8529 1632 7578 992 8473 346 7895 4733 7517 6012 6883 9330 2611
27 3155 4805 8143 2736 4976 5671 7117 4880 5568 9970 384 8536 6601 9256 2300 3567 4596 6958 3600 7254 1953 2978 4927 1798 3345 7194 9770
28 8078 2698 9584 144 1175 1961 7327 9753 5159 8493 6357 9089 4002 9365 9334 604 9011 1341 7433 5602 2366 7818 9433 4721 7705 3906 7934 6055
28 8858 7566 4807 6493 5400 1923 7375 4550 3018 7462 6033 2656 4410 3034 2372 1469 7129 8367 2580 7446 1663 296 1583 2885 5937 6823 4254 7215
28 8544 7613 5195 5632 229 4181 8924 6369 8154 1007 8917 7355 2685 6684 1145 6837 8497 3790 508 1394 9493 1570 9637 2393 6654 7900 6498 2719
29 3873 2086 2365 7244 6410 9241 7061 2674 4521 7664 2547 7645 1085 3199 6414 1819 7836 5399 3718 9009 9275 8888 9905 1957 3717 8305 4268 1791 519
29 9601 5388 4088 1100 5151 3118 9665 1368 3100 6567 5904 7082 3454 387 2973 8348 5978 1169 1584 9749 1992 6886 2619 4979 9277 2094 2357 5513 7774
29 3216 9692 6461 6970 3373 7992 1612 4137 8076 8042 4241 2891 1320 9081 4226 1713 1918 7217 1903 7398 3597 6089 6583 8747 4615 5032 9358 341 6787
29 3491 773 554 4802 3150 7249 8281 6244 3821 4110 8258 1329 9466 8446 1914 9588 4955 8414 8571 9401 7547 2196 217 9301 894 2054 4698 4502 2155
28 1579 4671 8927 3560 5968 8663 6411 2337 8398 6860 5350 6976 8938 2967 9359 5827 5081 5816 6957 4253 160 8716 1686 7281 3734 8585 2809 1635
30 4523 804 6931 7042 5566 7482 7408 5353 7561 2179 1883 9375 9908 7554 924 3700 5346 6323 4482 4202 179 5494 7274 3469 6593 5764 5549 1288 9161 2406
27 4119 5837 5324 8118 9702 6278 9831 9394 6971 7580 3262 7423 6378 7809 7491 96 2697 8804 3142 2641 3307 5019 8084 4138 8658 9094 2810
27 2586 5326 4170 3099 8193 397 1243 6979 565 8499 8562 9222 680 7882 5505 64 1931 6839 7507 7444 9176 6619 566 6008 7424 8898 6172
29 9180 1568 9820 8356 6030 6815 2569 5228 6274 848 4647 6590 322 4583 7557 6166 1047 9046 8495 6777 5421 8354 3613 8690 2104 1937 8792 3901 1298
30 3831 2381 4390 4068 3763 1241 4030 690 2574 7142 7745 2068 9332 9628 4601 522 5356 7626 536 8113 104 6047 8014 9977 3450 8979 1022 1184 6898 6091
29 3766 1539 4951 6655 8540 5251 3881 5670 2541 5935 5189 7071 359 1176 9261 7167 4207 5242 4404 1426 9000 4029 2529 1811 6325 8077 1727 7165 9600
29 1813 7606 7695 3914 3331 3411 8417 5218 1836 6277 4140 4290 4376 4343 2939 8990 7630 3602 923 9195 201 3864 8852 9978 2731 7741 1991 6647 63
28 3709 8948 1067 2140 6869 1236 1865 5053 465 8760 1825 1319 7308 6892 5804 2979 9659 5773 72 6870 7137 2669 7998 7125 6305 9383 5930 4678
28 1999 9445 5984 6258 7650 9549 8320 9898 5301 3989 2763 2647 8035 805 5067 3978 4496 3253 3248 9521 3933 9225 5380 218 3710 2487 4345 7460
29 3922 6543 9591 3921 9817 6912 2710 1440 6436 5355 391 6191 5137 3695 6836 3963 7700 2327 5131 3089 4225 9744 3627 9881 1449 8244 1550 7805 8799
29 577 8183 5903 5112 9120 1795 9302 9571 5253 974 2735 7267 5332 673 2540 9564 5174 2307 7168 6987 1534 8075 2884 6832 2703 9463 4791 6480 6479
29 8786 1125 5213 4896 9967 515 8564 6389 5911 8593 6820 8294 4612 7682 2369 4112 830 1732 6232 4464 7057 9210 2784 7595 7518 5926 5489 5284 6491
29 6042 3832 1437 2916 2135 5360 745 9986 5769 472 161 5818 6018 4603 8762 3067 2419 1231 2272 9711 1355 8163 8632 3998 486 7856 7997 9882 6588
29 7653 4494 8971 7922 4560 7980 675 7960 1895 5976 3742 6862 7596 2577 2551 693 3961 3043 2133 4618 122 2002 9318 4326 4061 6532 321 9403 8392
29 8424 2607 3772 6871 2767 9625 8381 6446 9990 8974 6989 8857 8591 2576 5426 7778 7932 9534 7632 1757 9663 5735 8772 9065 2505 4352 7474 5836 4131
29 3875 3104 5771 5031 676 1264 9242 9585 7356 8262 9093 8862 1069 2900 1642 7058 2125 6376 6400 8304 9516 4216 366 2566 2454 7711 806 5507 2634
29 526 7175 8134 1835 3764 8266 91 8911 7993 5012 1349 1460 4179 3974 7146 3657 193 7273 1366 5034 2035 3980 4613 6053 5391 3311 7852 6390 8909
30 1808 5130 656 7219 2479 1217 6658 2536 793 6015 886 3515 7990 5840 9959 8362 1927 7889 8082 268 9230 4007 5449 8622 2328 5725 1486 2059 1954 4576
28 9413 1492 4994 5127 9095 7721 4221 4745 1028 8206 5592 6773 6612 2500 8135 5479 5614 4860 6571 1696 6370 7073 1375 3196 617 6737 4364 2451
28 5014 4447 5069 3903 2141 7667 6551 8873 2983 9308 5035 8859 6510 9694 3026 4109 1537 1450 6736 4285 7391 5011 8836 7647 427 4683 2456 1177
28 42 2496 3471 9632 1776 6794 6299 7768 9853 7765 4201 636 9158 8842 5727 9292 2292 5340 8868 8452 9333 7055 5101 7604 31 5948 8514 900
29 1717 8669 182 487 1398 3610 5351 5303 9324 6276 4124 7771 5803 9464 6772 7757 3927 4118 7447 9005 6372 9048 6254 8576 1682 1975 24 2493 7049
29 9168 3076 1339 2715 4034 5020 62 964 3195 4562 3908 6705 2370 7247 2817 2077 1571 5287 840 6789 4725 364 6455 8308 1576 2308 2119 8387 5486
30 8220 474 5334 7335 7084 5860 2468 9485 5315 789 7955 3546 5699 3798 4986 3889 9616 5643 5825 9017 148 1775 885 2374 2072 5582 860 8986 5042 2994
28 9049 90 5209 8625 8699 4018 5693 6128 2728 4229 9919 6927 1698 6176 9024 9312 56 3125 1058 6004 2773 4912 5445 3800 5466 9904 8402 7540
28 3387 8364 446 5461 3009 7974 7065 7317 5074 4726 4281 8437 5974 2413 2837 9400 7437 1845 5061 1357 5025 372 5677 9285 1385 3474 3913 9784
30 7418 3511 2795 8400 9559 9428 5478 2242 794 3887 3229 3286 3020 3622 7973 4637 5737 52 481 8331 4711 890 9468 3447 4593 6818 4981 5375 4685 9154
30 9159 9764 1712 8003 3620 9590 9356 4478 4630 1083 2078 2808 1371 1147 1498 6895 5662 8758 285 4861 8662 6923 8157 5341 8685 8247 9023 2789 4923 9941
28 4078 3452 8969 1700 6113 6481 5022 2334 1253 4641 8055 8878 8448 6486 2759 6904 6106 1645 7350 864 6067 4173 8323 4746 5344 6881 9697 7911
29 175 8961 6200 7752 7867 4718 930 3513 425 3069 7816 1206 9216 412 5075 3389 8498 6940 4162 9920 6023 1949 5824 8647 4884 6660 4680 3956 1099
29 6423 7297 7031 5537 6910 8697 7572 3151 7316 8728 7473 2122 2276 7740 8341 369 1050 4085 3621 4846 5788 8342 316 5158 6356 9030 120 283 9307
29 8995 3171 7694 5696 7603 3318 3741 2679 9220 4997 546 2610 7589 2082 4761 2283 8139 1581 1291 5087 6031 3626 8985 3510 7192 7261 4354 9607 2436
29 207 3496 4944 170 879 6262 9407 4089 902 3784 8794 3058 2148 1102 4598 998 2226 1346 905 5605 7786 1041 8127 3424 8197 1263 5374 6038 697
28 4935 8504 4751 4217 9033 4587 8933 2687 3802 4272 6574 5000 4132 5909 48 3470 1161 912 2259 3475 329 3358 186 5629 6002 7804 7850 4712
28 9014 6488 1021 7191 5148 5210 8201 3830 9338 4559 569 8892 5063 9411 4332 449 7733 1578 2112 5929 5902 4296 7583 5261 3583 4643 8683 9478
28 2851 94 3681 2228 9454 4082 2301 7296 8441 8588 9363 3055 5689 7792 7363 1122 9169 3327 6775 1180 4709 7263 4362 7972 5813 3979 8774 9163
29 102 2766 7439 1772 5005 5307 2129 106 7078 2083 2867 4515 7846 4161 5732 5378 6621 8023 3244 9532 9834 8428 7619 6077 7411 3601 8037 9838 5738
27 78 7511 8166 2384 9627 7158 1009 888 1032 8215 8413 832 580 7018 1887 4493 307 6949 7535 1617 7301 7714 9582 3457 2380 7315 3708
28 4768 5383 8227 3781 1421 1515 2018 8577 5757 9317 8147 872 6367 3010 3609 3672 5539 6712 608 7160 1814 114 3084 1812 453 3083 7537 6413
30 7584 1130 1531 5115 5826 9096 6731 3079 8581 8316 893 1309 1915 2121 5450 7431 8031 2364 1973 2420 3466 7226 4445 3521 9181 6324 6929 9164 3305 8964
29 9888 9038 8492 2 2578 4628 6826 3651 720 871 8318 3434 2878 9160 5716 367 7898 5810 1246 4405 8930 6536 8485 2360 2248 127 5928 6663 1289
29 9435 4397 8850 8464 5658 9462 5167 1541 3156 7268 1000 4565 7157 5833 30 5622 9021 812 1591 5891 8069 3221 6579 5017 4877 2088 5372 7608 2149
28 2209 4662 9568 8841 2323 53 1804 2433 356 1360 3191 9007 133 7919 3180 5485 5899 3852 1084 5626 1362 8326 732 1518 6159 8290 3334 7234
28 1574 7337 1842 1148 9806 4084 4530 7944 3904 2601 51 9545 8558 7001 8901 758 6758 7189 4451 4899 668 8065 9813 9025 8061 7966 6830 819
28 4189 4474 34 5516 8693 5610 771 4185 2919 2509 9793 8106 8352 2428 264 1736 4094 2988 2490 7211 7454 2199 1878 4459 9778 9505 6810 9914
29 8946 6897 3656 3044 5333 7723 1093 6437 5302 2274 8309 6171 3490 3124 3778 9902 4148 1383 5001 1910 1850 3564 9331 9198 9953 8117 7726 9018 3048
30 934 9443 3937 4239 4607 5945 2429 939 1657 3215 1207 7032 2825 8686 5015 1171 2475 5880 5692 8379 7506 6880 8635 828 6086 4271 4619 8743 2901 3810
30 7426 5325 3361 9685 2756 5724 6452 513 4251 9149 7670 4990 2382 2686 5135 8223 8200 6963 4305 6199 9105 8173 3022 7520 8554 1115 7029 6189 2587 3227
29 9189 3169 5740 9128 2535 7715 8012 975 530 2061 332 1002 9372 6024 1482 4177 3599 6850 8866 9641 9566 4932 2074 4505 6011 2712 451 4707 2504
28 1141 2198 281 1809 6313 5525 8958 9133 3158 4792 3892 8931 6780 9672 8550 4549 4893 5385 6307 5469 5607 1110 9348 6431 6059 9991 4256 9204
28 6229 7539 6765 8906 2036 1674 3625 3724 2009 753 9677 5200 782 8796 7124 4051 325 2131 246 7599 7017 5217 1546 2990 9563 5780 6235 6596
28 3153 6720 665 4046 4697 3731 5323 9939 4325 2646 7328 1524 6728 3806 2464 4080 9513 9998 5572 7051 6662 2588 4907 1181 8731 4422 6061 85
29 4466 5557 915 1275 6351 5051 8634 5587 8687 6847 5175 7983 3635 8038 6398 958 7834 444 8608 165 4920 506 1669 4369 192 6397 4586 3555 3232
27 4052 436 1330 6032 1380 4942 1342 2161 597 9842 1799 9906 8185 1458 982 2798 8702 524 4806 6081 4729 5589 5660 2311 3120 4866 124
30 1048 3492 416 3919 7416 5949 2359 185 3427 5183 5023 5647 2412 9618 2645 6426 611 6180 3884 7003 3690 6568 3750 3994 1337 2498 4913 1027 7747 5255
28 2805 688 528 3694 9621 4175 5166 8737 1821 6572 5297 4687 8899 2004 5132 920 8982 4780 9896 2827 4154 7594 7967 4366 1396 574 6157 9969
29 3423 7781 1805 667 2186 3347 8970 209 6559 5293 6800 7400 5281 1952 4417 4669 6991 3552 7040 1087 28 8881 5932 7734 7730 940 4548 3472 2480
28 6950 4922 1807 8052 2930 4309 7054 141 4900 8325 881 5405 9278 376 4317 6786 4610 5272 9597 9226 7034 8449 2109 3727 480 1891 518 4659
29 5919 8545 5973 8120 9273 8884 9540 996 9044 7671 4062 6287 9116 4511 5820 2237 5730 6009 8396 4399 260 5743 1501 5981 4222 9642 1079 6142 7364
29 1572 6668 9441 7894 7367 4286 8594 6036 190 5821 7291 4443 9218 2354 7276 8732 4232 583 1523 2650 748 2210 7139 6797 1474 2385 6776 845 4188
28 6392 5097 8073 5387 3177 1604 7349 3984 3234 1852 7466 4914 2833 9008 9595 775 887 6058 19 6934 757 50 6782 8343 240 8070 9544 531
28 4960 1831 8026 7516 6563 5144 147 4472 7163 2689 5530 9029 7877 2235 1135 2741 9409 6649 6967 7959 5203 7169 6661 6022 7413 9113 3008 9404
29 8097 9157 3899 8745 3367 1257 7719 6752 1064 4500 8358 1889 5661 2977 4813 8475 2757 297 1780 9730 1729 7497 9399 9004 1254 6932 3404 3159 2497
28 9371 5939 8017 659 9520 1740 3541 1194 3675 5322 2062 3310 7549 8915 4213 2315 4244 1213 8419 6549 4308 4342 1017 2261 3959 3697 6974 8696
29 1769 5535 256 1520 5181 2218 3804 0 6162 5763 21 7863 5352 3771 4723 3525 4970 5493 3371 1748 1334 8071 7902 9620 8810 5215 5970 1738 7917
28 152 6980 5865 4311 6681 1760 8831 2950 2562 6472 3228 644 9370 1661 7075 6119 4164 8186 9901 4854 3624 963 2732 1728 8164 8918 1503 7722
29 660 3247 498 4917 9790 4553 4231 3489 3654 1039 8213 2178 228 2743 153 8860 6768 5357 1823 9746 4528 1827 8838 1790 8241 3779 8317 4235 3143
29 6808 1387 8710 6003 906 979 899 5506 7483 9203 5906 9993 9651 2675 4633 4477 9630 3359 3378 9693 7627 4859 5873 9221 4571 497 2143 7533 647
29 4071 405 89 9378 2168 9915 2608 2738 1759 9442 8668 3194 8145 1701 1170 6624 3939 8336 7208 2449 136 5753 3947 1479 2938 4380 9580 8631 6207
28 6424 2847 9747 3855 5117 3332 7464 435 4004 7455 7536 6999 9300 1223 1636 9810 6079 3432 8671 4770 1463 3294 6858 9074 7463 3668 4832 7908
28 5057 3235 5886 6474 9640 6464 3001 7880 3185 110 5413 6648 4547 6182 3983 5652 4438 4035 4372 5288 5866 8998 2729 3527 8081 2616 4962 9481
28 1587 9718 8903 350 8234 2101 3573 5556 8528 363 6210 2887 55 7623 2982 4614 5567 7410 1563 7797 9574 1989 7857 8777 9934 2904 3868 2791
29 5046 27 2000 8624 5308 2024 8050 4642 2233 1248 3280 4127 4906 2463 231 3888 7909 9103 8429 2192 5979 3206 712 9335 8515 7810 3289 4516 7907
28 8849 9213 8934 2459 9899 4817 1854 8478 3341 5403 9917 4375 3686 8864 3152 5026 649 6417 1252 8704 1514 8388 3438 8567 573 7817 9555 6576
28 9111 1191 9075 69 2906 785 5052 5742 689 1671 9500 7213 609 1188 3108 8129 6617 5212 7479 4876 9638 4121 1061 892 7478 4674 4965 1921
28 13 3025 2954 9933 434 5654 2391 5396 6553 2071 7727 7076 6025 7663 2546 8190 4106 9709 8997 8822 6913 9550 8302 2626 6360 5054 3059 5723
28 6197 8472 3460 8717 7528 2992 8442 6747 8680 1082 7284 2826 4985 58 5477 4737 3004 7064 2898 6297 8557 6281 4741 4688 8880 578 4111 5921
28 4764 9826 4808 5349 82 1588 1547 2136 2477 3481 6138 2255 9309 7696 1137 3400 505 6336 9911 3296 7092 9036 464 251 4762 7926 2956 6906
28 7937 3628 1924 6363 8204 795 9121 6409 6230 2835 7195 2389 5817 3942 984 2387 8029 4706 7963 7874 9132 9691 4468 5402 4995 1615 8583 1778
29 9714 4949 2442 3201 7575 6868 3225 3556 1767 5028 5440 8976 2017 861 4276 5565 6807 9647 2164 3976 2958 3561 9569 2383 2422 6573 788 7655 5517
27 4974 3775 1066 7707 3164 5058 1784 5176 4483 833 4383 8231 4713 2981 6453 2290 7143 5977 9269 7530 3023 7228 9865 8516 8225 825 7756
28 3590 8406 5564 2472 9397 3755 8798 380 9499 5474 5951 3982 2092 9118 1552 4934 7236 4453 3414 3738 5961 6694 5120 4490 2706 3138 7654 411
28 602 5467 8286 8885 8936 3186 6703 674 7693 6708 4782 5249 4215 7344 6706 1456 7994 3880 9783 9386 5004 6723 9661 1786 6181 7789 6542 4539
28 9321 1359 3579 7026 7769 2138 5916 1167 3167 392 8808 798 1796 4578 6692 492 386 538 8054 1510 5933 6636 6289 6943 6495 9869 9841 7207
29 4141 9248 8952 2469 3707 9963 1996 9533 9851 6084 7036 5329 3127 7509 7953 6134 9040 4191 8271 4441 4333 4558 9377 3752 5936 6311 7764 362 4331
27 7576 6154 1113 3932 627 2801 2637 4672 9289 7330 2260 9051 9043 5220 3674 6714 5464 6195 8457 433 6733 5140 2991 2844 5787 6435 3570
28 570 8835 8851 2003 5574 167 3528 4465 8486 5856 5064 4823 6429 7962 3786 7200 5056 6689 5468 4731 7266 8202 7220 6688 415 2189 2431 1868
28 962 3704 5528 6155 8053 4677 1412 8488 252 8477 7522 6552 8722 4743 7831 4146 2110 6045 2639 8856 410 1529 18 5615 196 501 9645 4014
27 7883 1062 2777 7744 4716 8462 1222 7981 219 7875 7108 6763 3317 4128 6998 3837 6760 8230 7372 9062 6926 8940 8306 843 4699 6650 8009
28 4065 3482 4481 850 421 4001 3783 7896 6312 6515 7503 6460 71 877 305 6451 7546 6494 370 7550 5321 7657 5085 1538 7746 575 5789 8816
28 5465 4796 7173 5751 1429 8108 941 3480 8627 3774 452 9871 5438 2534 1063 7378 955 6249 535 4491 162 5243 6911 2962 7738 8487 966 3375
29 7633 9136 2836 968 8751 4983 4795 9936 9457 5277 2799 4047 5289 428 2683 6321 5924 4470 5415 438 3935 2356 2160 5337 7508 166 6524 5007 7690
28 7662 8339 450 3064 4476 4639 4828 6854 409 5121 3431 527 9287 922 1517 3605 8226 2660 2045 8767 4245 8079 4265 2638 2478 5285 5257 3071
28 8099 2550 5934 3698 7109 1562 8368 4350 8793 3785 5781 3553 5611 4218 1719 3250 8867 4704 8643 7956 6071 8531 8169 692 638 8501 5717 2678
28 9488 3181 5206 6509 7625 1787 466 5739 4446 1749 301 115 6508 639 254 5187 762 2625 1379 7255 9402 9602 8192 4297 9347 8978 224 9604
29 4753 3665 6294 1822 2085 9489 851 7927 204 9690 8623 76 858 8886 2032 86 5447 6946 8291 8161 9102 8719 9657 2177 6408 1943 4827 6955 8314
29 7914 1512 8399 874 1124 3283 8178 9943 6944 576 7336 5404 6206 8925 2220 9424 6170 4557 5246 2665 5893 4744 7687 4150 4798 5593 3161 6561 6632
28 8346 7918 563 7279 2358 6622 4358 841 3340 9771 8296 4379 5367 1452 7238 6653 5806 5495 9239 4233 7862 6355 8648 859 6203 3985 7294 9255
28 7148 9589 3575 3682 3442 7436 8756 5850 1802 290 1419 1630 1044 9389 9177 8095 2245 6387 3638 1649 2628 4537 9819 9170 6308 5609 1484 496
28 3363 8383 68 2769 6283 6242 2622 9892 4025 3254 8330 9703 7949 2657 2970 5758 2312 4541 8973 2458 5656 7452 4155 9034 8846 9422 1697 7187
28 4322 9740 1956 8566 1325 5868 1203 174 6163 2595 4178 642 4835 6129 7130 7853 2108 3960 1743 7403 6834 8408 6981 4287 9001 3226 1522 6301
28 7427 3179 6595 6117 7116 7621 5863 6419 7680 5384 9812 933 567 4180 7099 1783 6306 588 5986 1230 1432 4075 2340 3687 7164 8916 2099 3021
29 4804 2713 9635 7969 2239 7957 5201 5875 7405 2947 3379 9780 6882 1929 1146 9290 2821 6877 6759 8800 2676 3413 1372 5091 7332 8987 951 8268 7348
26 5777 4236 336 1614 9484 2167 5125 8423 6523 3078 1395 1935 6187 568 3344 5531 2087 3433 2696 8729 298 7128 3946 5398 9573 4037
29 746 9662 5721 3659 7742 3266 5522 9599 2853 5278 3398 5412 8507 3464 2666 2015 4656 7585 9922 6247 2816 1843 2117 3996 1470 4291 9987 7123 3808
30 4852 596 4238 7060 404 5797 2642 7489 9084 230 1986 8159 2495 6143 3646 6743 6851 2653 8116 326 1940 7548 206 898 1374 3588 5809 8228 824 8194
29 654 1846 6888 1410 3954 9629 8176 2531 8349 4588 7415 9815 9821 4430 9844 3063 8908 2740 6326 9345 1733 5620 8229 6489 2953 5536 1369 5365 6246
28 138 5613 5917 7230 4784 6580 5433 7240 1120 5547 1168 4873 7989 5761 3461 5546 7803 5419 3031 6193 1157 4755 3699 4510 8708 4695 1875 1596
28 1965 4246 2649 4957 4200 5318 2918 150 1098 6412 4728 3453 8278 2730 9547 6111 8773 9487 4604 4330 2180 6080 5624 1580 1119 2737 7903 2783
29 9543 4066 6959 3322 9772 7259 7605 3604 2207 4691 9281 300 7340 8094 831 5299 6384 1781 6939 2208 5094 1528 6592 6909 6838 1509 8195 2985 5240
29 1577 3505 4503 8890 2395 232 9238 7541 8641 1307 2513 2040 8337 6878 6873 8597 4240 6724 8827 5616 8570 3862 7465 8393 7713 1705 2273 9873 6051
28 8057 2297 6151 3867 1267 1681 704 3619 4385 1132 4679 7352 6449 2818 1829 2671 6968 1376 1216 8525 8212 8275 1297 7342 8110 8060 282 711
27 9988 8440 6819 6382 1123 4252 7800 1888 4079 525 8369 310 6646 1308 5095 6223 834 6083 3337 401 9649 4426 948 5275 2041 7885 1627
28 2265 4989 7011 9408 6556 3443 3997 1012 2039 4095 4504 1747 8390 1249 2508 3814 4648 1190 8692 6608 9369 876 5665 4381 9828 6496 2936 4901
28 1386 7216 2557 7481 9268 4867 3019 7369 2961 1792 2030 5124 1934 6063 557 9232 1886 9653 5463 3029 1475 6316 7287 2721 3993 4890 5418 3399
27 1109 1038 8027 8950 6504 9537 883 5312 8483 5793 9983 403 2811 965 2287 9297 6124 9867 9432 9319 3726 1183 9342 6784 624 5551 1651
29 2378 23 1746 4650 60 9761 2057 8365 2322 670 4292 9110 2188 237 3585 3514 3458 6334 1502 9518 9125 1388 7339 4270 7154 2749 4552 1106 5644
28 3123 5967 2693 1745 4009 6985 3669 2158 1602 7743 3797 2020 9280 1103 169 8764 6466 1702 3445 945 6116 5316 9572 7923 3451 8771 8479 3595
30 2672 9727 6857 2971 7232 8966 5348 760 1777 6630 8628 353 5768 7701 1401 1070 6930 6302 4010 2941 3967 6641 6852 6702 7524 7544 5734 7772 4097 6090
29 5500 5008 128 3172 2051 289 4486 4950 6473 6329 2028 1723 8721 909 8601 4230 4538 5573 3261 8869 2073 1208 8853 1869 1281 641 3840 3918 3517
28 2417 8366 5914 2396 4573 610 1998 743 9737 1233 7672 8616 4081 3944 7310 8999 5154 7428 7041 1065 786 1232 2079 2065 7788 5729 2556 8805
28 8709 523 854 460 357 2519 2096 1525 2415 8877 6252 4658 4749 8140 2872 7750 9405 8016 4513 5165 6109 4848 6631 6745 3041 3958 9015 9741
29 5062 5944 3027 2042 4910 171 4323 8673 4190 8025 4431 5701 3488 7104 4157 7763 2432 6050 9779 742 6034 139 3823 5225 2926 7991 2959 7921 9827
29 1641 8568 3051 8733 8820 4053 6221 7338 8642 5055 9529 5694 331 9501 1094 7615 7155 1240 6863 5923 1476 4816 1966 808 4360 9542 7843 4585 7162
30 8551 5336 227 7698 3811 7485 4093 7028 6793 1610 3813 7767 2946 709 6945 8621 6629 2695 302 7285 1164 2880 3538 9063 88 4411 9045 9731 503 969
28 4077 7343 3501 6936 1890 3733 6566 1917 9781 400 3364 1589 8989 1352 5718 4113 2972 3885 1480 3077 3843 3689 7498 1995 6577 796 8062 8887
26 7324 6578 5472 2195 5436 7361 9795 3544 2552 1092 7009 1097 8007 1453 1606 2407 2246 7070 3736 8748 2284 7523 4936 4841 3468 2296
29 4398 6671 5908 6889 8074 3292 4858 2744 8914 4388 594 8008 1920 7860 7114 7053 8087 7292 646 9294 1356 4563 3655 7074 7477 4026 3024 2386 75
28 666 7704 9756 1675 9754 4104 9989 3299 4247 790 4544 6813 2033 3132 4277 3370 6953 2174 2598 4668 6144 2655 195 9924 5882 3653 6332 5470
29 3815 8152 3302 1560 5086 7185 8968 2247 2318 2654 7925 6238 4402 2056 475 7515 4525 1033 3822 3485 2932 8508 8104 7306 1287 1634 4998 9918 9212
28 6603 9850 7979 896 8445 6292 9961 6295 4457 5490 6918 67 5691 7739 8942 3639 2379 5060 6469 8612 4013 2856 9022 4337 2572 8236 2249 7134
28 2182 553 4769 7985 1715 3722 7891 7392 8004 1431 9839 8144 2316 2682 9796 7212 7676 8684 5078 658 5888 7659 5686 4020 1629 8640 5227 4300
28 4760 9447 810 7253 9150 5542 216 3587 980 7374 8573 9092 2465 4045 6670 3662 7999 100 9801 1234 8382 4036 149 717 6637 6722 1665 4964
29 445 9538 7496 7449 1737 2166 4183 7441 926 4306 9835 6183 1695 6811 3061 7102 635 1403 4299 7283 3000 6259 2579 3995 5538 3988 5161 3633 4789
29 7828 1271 9131 2037 5423 2221 6643 3558 4193 734 7950 1880 5847 6406 57 4839 4623 6725 5931 3792 3497 2476 6560 5996 4228 4274 2670 8180 1445
29 3236 8468 8977 2252 8162 4304 6427 107 9451 2511 4665 1045 7429 7150 2800 3684 2130 9553 9626 4987 5563 7113 5792 826 8032 5633 6029 8412 4978
27 9282 1035 6640 3476 2353 504 5188 3170 3770 5100 7091 9664 3795 2944 559 8168 3895 3046 4763 6132 8030 8456 5571 1279 882 6513 6865
30 9925 2864 4660 1926 2966 1276 7691 8741 6236 1089 4460 4988 7370 1056 643 5214 1616 3109 4389 9846 8656 7193 1782 1857 8823 9788 3168 1473 4418 7649
29 4473 275 1704 5553 9382 6876 6500 2745 3905 3683 2802 8047 529 8775 2560 95 1876 6353 8119 3776 5362 6118 3053 5155 7717 77 8776 7839 6279
27 5798 8983 7689 8324 1390 6554 8494 8553 1603 5045 5036 2116 8752 9381 9668 1977 398 7357 7241 1384 5715 5719 7453 5805 448 119 8753
29 9215 846 7529 9042 7579 3757 2295 9456 3803 3912 7812 4857 7935 8855 7321 7692 6226 5037 8480 8156 7634 9639 2377 5776 1714 731 8024 6240 1864
28 6669 8432 6416 8083 952 791 7359 8460 4432 1189 4435 6098 3705 3028 6846 4814 471 2702 3550 1159 5143 9486 4790 9878 2510 2716 7322 5208
29 2993 8207 5077 4824 6073 7952 6616 9182 3500 323 7131 7282 6368 7025 7035 7126 379 7829 2029 9429 2750 7269 6840 735 7551 9143 5918 6960 447
27 7995 534 1779 4151 3671 971 7915 8518 5071 2373 8189 8826 7298 3753 6607 3319 5186 4894 6349 7954 9652 441 2214 9041 6266 1399 4747
29 6845 6597 2005 9804 6237 4355 2673 1932 8322 6824 3791 7873 9833 5427 3477 6438 1088 2113 2402 4429 579 9146 459 9124 1333 2911 3202 6546 2894
28 1472 8128 7402 1051 9139 9773 9803 8920 2064 8912 8894 5480 4428 3251 8109 66 3799 2975 8444 3012 8806 9013 9508 5560 2537 5092 9100 3006
29 9155 8590 191 3264 2815 4739 473 1258 943 615 648 7958 3241 5808 1830 2034 2200 8491 4879 3999 1251 9379 607 5702 1958 5650 6821 7422 5823
29 3256 1893 417 1417 3391 8681 6990 5772 2303 7135 4921 8335 3926 9217 8422 9794 6403 2229 9676 3566 6700 3691 6501 3352 8803 7731 1672 8470 2338
28 3145 3929 8080 2305 1554 2126 5368 1151 1730 4158 8617 2325 2066 9845 8329 8688 2216 6110 9337 3097 2102 6986 2250 9353 4384 6404 2016 1648
28 993 6683 9227 5483 1758 2279 385 9437 8783 6385 9173 1389 2390 1936 5202 981 8707 2488 5636 7685 3270 2089 1005 6907 6503 556 3769 7021
29 9340 994 9361 5247 1597 215 792 1245 3465 2001 8944 1899 7830 8426 664 5775 7514 5957 7732 7325 9357 6066 5657 3459 9705 587 1638 2134 2980
29 558 1425 8565 9130 2633 5 8609 5376 6300 619 203 4028 3314 5600 4829 7044 131 4509 6039 4499 4206 8467 1506 2694 787 5870 1801 2957 7936
28 2452 6347 2418 1278 7519 7728 8913 8463 194 5142 715 1292 8661 3393 3747 2581 5958 8321 7314 2127 1513 1658 6273 8779 4702 2999 3381 4690
28 671 2202 5476 6983 9752 7607 7777 420 9274 2629 8815 2416 6272 2342 8373 6104 3419 7262 6285 129 7562 2392 754 9962 7677 9615 764 1508
29 4661 4303 5653 2399 9612 5416 1373 1322 5760 9870 5382 2651 5811 9250 4288 9716 3073 3571 8171 4837 6525 9114 6517 8818 7119 9710 9398 7004 6088
29 4616 7708 736 2430 8418 3114 9078 2937 2320 9090 4869 2852 1406 5947 5268 9387 9426 6120 6788 9137 6243 4484 8188 8203 7396 5548 1323 6598 7796
29 2636 7720 6890 8949 2343 8651 8791 4205 5434 3166 5584 7059 2859 8066 895 1114 7221 5393 6054 8086 9843 9722 5305 442 6704 2345 7174 3080 4087
29 7822 7494 5938 9606 5940 6822 703 6817 7869 1980 8089 911 8248 8255 3096 3616 7081 4534 483 3052 458 3309 9948 640 9517 7951 3218 6587 470
28 395 8657 5511 4436 1644 73 9055 5177 9808 3487 972 2502 5118 1879 210 6545 9893 5651 2362 6984 7920 9859 8556 5294 516 1916 7270 8670
27 8407 698 5529 8438 3323 8937 43 9186 4055 7847 4440 9187 7884 337 1598 5239 1640 7964 8397 1987 4283 8706 8527 2709 4224 2467 5561
29 9872 9243 2855 9352 1053 8072 8746 6902 2680 8211 5238 7811 5018 4930 6399 2549 4328 4946 1265 5103 4781 5544 6801 7754 2667 1361 937 8240 8395
27 6190 3911 9459 4529 2137 7087 8532 2525 3648 718 6997 7237 2632 3401 3287 335 5672 6528 4142 8280 7445 2302 9253 9148 9723 3580 7341
28 2823 352 7358 5128 6516 4314 456 1302 5146 7419 1228 3290 986 5048 4855 9617 6396 1336 9758 2515 5414 1687 2824 9667 7617 3421 3106 2494
28 5552 2583 1816 9592 4144 7381 8285 9350 6550 9270 9420 560 8824 3094 6544 6072 9214 650 9726 9237 1008 8101 9536 3081 2211 852 8619 5044
28 1753 4632 7331 1080 4933 1677 679 1420 9854 4888 5983 2548 4992 6457 8871 7558 2568 4654 4023 495 2455 9603 10 8555 621 1655 9349 8096
29 6638 811 928 6748 9974 5867 541 6764 1532 8224 8943 3131 4425 2165 8560 7681 7206 1950 6853 8208 1569 1699 9364 4681 6222 2105 3719 2585 9799
29 8595 4392 7611 2963 1220 8954 4069 4524 1121 4958 8260 5998 9303 4602 278 5982 1848 6739 3714 3017 9373 5452 695 5946 7770 6068 4353 3444 592
28 2652 839 9940 3410 4165 7022 5596 1882 1193 3313 9857 3174 9233 5606 5577 8996 7210 8537 3751 2605 137 3498 2491 3859 4580 637 7399 7652
27 3233 766 8797 1442 8910 2920 5784 5406 2538 991 545 3456 6337 512 2278 9295 7848 7783 6383 2461 2875 8742 9082 9947 9003 4526 1793
28 3902 2090 1491 1590 4926 5102 8006 7751 3711 6872 1622 5550 3839 6114 3446 3211 3641 716 7510 4670 7945 2190 2437 1454 8068 5280 2879 7368
28 601 8447 8297 9052 4195 6657 1593 9172 9949 9818 2928 1960 7388 2617 1866 9507 3805 9465 3945 1844 8785 4242 7101 3351 7280 9474 5021 537
26 8315 3503 7120 3612 593 7637 7598 1485 925 6069 4533 1405 1261 914 6380 4800 17 631 5676 6391 4176 6040 5527 4895 9388 6806
28 9742 2803 6992 1976 779 4636 8754 3103 4117 9885 8511 1557 2076 9434 2893 361 8401 1611 1684 9512 8809 6101 7799 3045 7106 8891 5178 5987
28 9284 4433 7394 9984 8471 5714 1160 9848 4174 5514 4564 6581 3730 6591 1054 5642 8425 500 1116 6514 7182 5765 5408 4984 5526 6094 9724 6148
29 9211 6785 6664 2573 338 7086 9315 901 6584 620 2924 4582 239 1761 5767 214 2224 1 1720 875 3395 3230 8126 8902 4320 7858 8484 3366 8265
28 8090 626 6778 9966 3992 6753 3917 4395 5748 5523 7472 7039 5347 6809 4862 5443 7499 8133 4812 6875 9026 9715 3578 8542 253 3962 6269 6730
28 7609 5583 6928 6374 684 1300 2748 177 5425 3336 2050 9750 3584 6044 1413 7159 4054 2839 8459 7716 5363 9608 4039 8533 5747 1255 7806 3634
30 1466 6001 8592 9019 5226 6322 1521 3203 9491 3865 4856 9689 8801 5451 1294 5752 8759 9469 4847 705 763 3093 8209 8905 7376 2398 1939 2516 5897 7534
28 8724 9957 7329 1499 3898 208 9223 1174 9798 1269 4032 1436 7242 5006 3677 4149 5331 4742 279 6095 4024 6774 8363 1404 390 2349 5473 6575
28 5354 9166 6231 2860 443 2258 8454 1149 7597 4489 9979 8939 3981 1838 8578 3047 9717 9928 6314 5745 7311 4210 25 8219 1820 7861 1653 6216
27 6891 3856 544 5668 1448 3836 164 4454 1555 9056 9087 1172 3879 213 7069 8614 8587 2271 829 7814 7145 699 9886 5196 6028 8151 6537
28 5262 328 4214 4777 2236 4730 6686 8251 2788 3105 5279 8611 3136 1774 700 418 1763 2684 8138 3365 1703 7892 8045 8522 6972 5618 7568 7414
27 9858 7793 2205 2614 1025 5901 9477 2266 4003 3388 9562 3407 7056 1418 8148 2187 5295 2929 1619 9142 4536 3002 4908 3909 9586 2850 2661
28 7735 5503 6635 4219 6677 6280 3090 8645 9658 6233 4243 292 8332 5152 713 7564 3013 3408 6127 8380 9313 9849 5232 581 9080 6633 655 6405
28 3611 1896 9951 9286 8765 3667 5157 4874 5704 9067 5963 3356 4382 6208 1457 2708 8196 4787 6140 6468 7913 9631 6103 1209 5950 7801 8360 3436
27 9890 1691 4067 1422 8277 6304 6359 4017 7709 3402 4136 8538 4090 533 815 6146 6965 3539 7646 2222 7665 1974 9524 2275 9293 3826 5392
28 9328 1734 6475 6459 1907 8726 6112 8812 5700 5222 8214 7377 9739 9010 585 1496 5541 2792 3007 6043 151 9259 2025 889 4820 6161 1001 3386
28 1764 5595 5237 3396 7845 7406 4394 1707 9531 8689 2760 5770 259 6345 5114 1840 6512 2026 6682 6373 4772 4403 3066 44 2834 3072 6969 6164
28 8267 2785 8503 3126 7147 4627 3297 7592 4031 59 5309 116 6298 2615 3896 1272 5755 2270 8303 4554 7303 4209 7440 634 8218 5698 5991 3116
28 5370 8523 8481 9785 3845 8992 33 4134 2846 9260 3277 5488 8482 1494 2225 8288 1906 1710 5458 9656 5328 8451 8510 121 7090 4461 9410 9932
28 7901 3551 7014 1756 6718 1229 3486 8036 8182 7190 5964 2923 5874 5504 9344 6350 3204 755 8839 8312 4675 8287 3838 4407 4517 491 1559 1993
29 7256 5241 8781 6925 9816 7176 7299 4692 685 8238 6531 9127 4689 9769 2204 8780 494 414 8626 342 3793 2438 9061 6659 3214 1881 5844 2215 5690
27 8453 6425 5113 8049 1210 408 2770 2409 2403 1676 3110 2643 8666 3568 4351 9823 2309 6678 5179 7669 708 7486 856 4479 5543 3872 7886
28 4801 4878 271 6756 2201 4694 8620 5084 1118 7243 6582 4092 1467 6418 2326 101 5989 8199 8 867 8102 5381 7601 3940 4197 1150 2528 2107
27 7760 1424 9236 7890 1631 8500 4356 8840 7876 9910 5169 6213 7005 1504 4756 4570 744 2460 3282 3658 4462 7666 2618 6153 6755 6680 6511
29 4049 1468 1192 5534 6995 5883 6859 4048 2281 9254 7407 1182 9228 603 1662 4280 6924 613 5043 463 7940 8923 2162 8811 3614 2571 7002 6149 3642
28 2711 4766 288 5910 238 8569 1433 8904 6188 4732 334 3685 9207 9453 9483 263 5236 4187 8795 1984 2764 9205 3135 4531 5231 5859 6639 7272
29 8644 9417 9470 8130 3050 6125 8865 7379 9954 4542 3863 8350 1972 3003 270 2631 6628 7103 7083 154 5684 9306 6799 9020 1543 4872 7965 7996 4361
29 8561 7487 4169 9224 5520 7679 4722 9583 437 5879 3925 9952 5890 7712 3441 8355 4700 2425 5038 2997 2023 9265 5992 942 2812 1762 3148 6947 4625
28 1187 5049 5965 2350 4629 7488 956 2027 3130 8652 4019 4100 6010 8436 9390 8295 5741 8269 5139 3969 2240 5319 4999 4905 6169 4592 4881 7641
28 1788 5889 9699 9416 3036 4302 6522 2289 1020 9760 39 1126 1721 1142 4845 5199 2899 4357 9396 6107 29 1031 3948 547 2881 696 2582 9895
29 7313 9791 9522 9079 9263 784 6267 8263 1871 5068 1158 6674 9655 3390 1856 234 3129 8519 2173 7762 3217 1902 5649 3841 344 4840 8105 2968 7063
28 3968 7569 6250 5263 2352 1055 2762 8249 8476 5578 2913 2080 4098 1451 9325 2445 2910 7333 6558 727 8738 8739 3112 8695 5430 7729 3038 3531
29 4469 6062 7421 5310 2013 6746 5925 3182 739 313 9012 9809 249 628 7587 6698 5484 7181 7943 9644 6605 4849 9680 6569 2264 8165 368 5779 5638
